{"D:\\Hacktiv8\\Phase 2\\IP-HCK87-Harry\\server\\app.js": {"path":"D:\\Hacktiv8\\Phase 2\\IP-HCK87-Harry\\server\\app.js","statementMap":{"0":{"start":{"line":1,"column":0},"end":{"line":3,"column":1}},"1":{"start":{"line":2,"column":2},"end":{"line":2,"column":29}},"2":{"start":{"line":4,"column":16},"end":{"line":4,"column":34}},"3":{"start":{"line":5,"column":12},"end":{"line":5,"column":21}},"4":{"start":{"line":6,"column":13},"end":{"line":6,"column":28}},"5":{"start":{"line":7,"column":15},"end":{"line":7,"column":34}},"6":{"start":{"line":8,"column":21},"end":{"line":8,"column":58}},"7":{"start":{"line":9,"column":19},"end":{"line":9,"column":43}},"8":{"start":{"line":12,"column":0},"end":{"line":16,"column":3}},"9":{"start":{"line":18,"column":0},"end":{"line":18,"column":16}},"10":{"start":{"line":19,"column":0},"end":{"line":19,"column":24}},"11":{"start":{"line":20,"column":0},"end":{"line":20,"column":48}},"12":{"start":{"line":22,"column":0},"end":{"line":22,"column":19}},"13":{"start":{"line":23,"column":0},"end":{"line":23,"column":21}},"14":{"start":{"line":26,"column":0},"end":{"line":26,"column":21}}},"fnMap":{},"branchMap":{"0":{"loc":{"start":{"line":1,"column":0},"end":{"line":3,"column":1}},"type":"if","locations":[{"start":{"line":1,"column":0},"end":{"line":3,"column":1}},{"start":{},"end":{}}],"line":1}},"s":{"0":6,"1":6,"2":6,"3":6,"4":6,"5":6,"6":6,"7":6,"8":6,"9":6,"10":6,"11":6,"12":6,"13":6,"14":6},"f":{},"b":{"0":[6,0]},"_coverageSchema":"1a1c01bbd47fc00a2c39e90264f33305004495a9","hash":"92c776fe8f4b100907659096a9ed36f7a4767b42"}
,"D:\\Hacktiv8\\Phase 2\\IP-HCK87-Harry\\server\\controllers\\AuthController.js": {"path":"D:\\Hacktiv8\\Phase 2\\IP-HCK87-Harry\\server\\controllers\\AuthController.js","statementMap":{"0":{"start":{"line":1,"column":17},"end":{"line":1,"column":37}},"1":{"start":{"line":2,"column":28},"end":{"line":2,"column":56}},"2":{"start":{"line":3,"column":26},"end":{"line":3,"column":51}},"3":{"start":{"line":4,"column":23},"end":{"line":4,"column":53}},"4":{"start":{"line":5,"column":15},"end":{"line":5,"column":33}},"5":{"start":{"line":8,"column":4},"end":{"line":33,"column":5}},"6":{"start":{"line":9,"column":34},"end":{"line":9,"column":42}},"7":{"start":{"line":10,"column":6},"end":{"line":12,"column":7}},"8":{"start":{"line":11,"column":8},"end":{"line":11,"column":67}},"9":{"start":{"line":13,"column":6},"end":{"line":15,"column":7}},"10":{"start":{"line":14,"column":8},"end":{"line":14,"column":73}},"11":{"start":{"line":16,"column":28},"end":{"line":16,"column":47}},"12":{"start":{"line":17,"column":19},"end":{"line":17,"column":74}},"13":{"start":{"line":18,"column":6},"end":{"line":20,"column":7}},"14":{"start":{"line":19,"column":8},"end":{"line":19,"column":77}},"15":{"start":{"line":21,"column":22},"end":{"line":21,"column":62}},"16":{"start":{"line":22,"column":6},"end":{"line":24,"column":7}},"17":{"start":{"line":23,"column":8},"end":{"line":23,"column":77}},"18":{"start":{"line":26,"column":27},"end":{"line":26,"column":76}},"19":{"start":{"line":27,"column":6},"end":{"line":27,"column":38}},"20":{"start":{"line":28,"column":24},"end":{"line":28,"column":122}},"21":{"start":{"line":29,"column":6},"end":{"line":29,"column":32}},"22":{"start":{"line":30,"column":6},"end":{"line":30,"column":88}},"23":{"start":{"line":32,"column":6},"end":{"line":32,"column":16}},"24":{"start":{"line":37,"column":4},"end":{"line":68,"column":5}},"25":{"start":{"line":38,"column":30},"end":{"line":38,"column":38}},"26":{"start":{"line":39,"column":7},"end":{"line":41,"column":7}},"27":{"start":{"line":40,"column":8},"end":{"line":40,"column":71}},"28":{"start":{"line":42,"column":7},"end":{"line":44,"column":7}},"29":{"start":{"line":43,"column":8},"end":{"line":43,"column":72}},"30":{"start":{"line":46,"column":21},"end":{"line":49,"column":8}},"31":{"start":{"line":52,"column":22},"end":{"line":52,"column":41}},"32":{"start":{"line":53,"column":30},"end":{"line":60,"column":8}},"33":{"start":{"line":61,"column":27},"end":{"line":61,"column":76}},"34":{"start":{"line":62,"column":6},"end":{"line":62,"column":38}},"35":{"start":{"line":63,"column":24},"end":{"line":63,"column":122}},"36":{"start":{"line":64,"column":6},"end":{"line":64,"column":32}},"37":{"start":{"line":65,"column":6},"end":{"line":65,"column":105}},"38":{"start":{"line":67,"column":6},"end":{"line":67,"column":16}},"39":{"start":{"line":72,"column":4},"end":{"line":78,"column":5}},"40":{"start":{"line":73,"column":44},"end":{"line":73,"column":52}},"41":{"start":{"line":74,"column":22},"end":{"line":74,"column":70}},"42":{"start":{"line":75,"column":6},"end":{"line":75,"column":98}},"43":{"start":{"line":77,"column":6},"end":{"line":77,"column":16}},"44":{"start":{"line":82,"column":0},"end":{"line":82,"column":32}}},"fnMap":{"0":{"name":"(anonymous_0)","decl":{"start":{"line":7,"column":2},"end":{"line":7,"column":3}},"loc":{"start":{"line":7,"column":37},"end":{"line":34,"column":3}},"line":7},"1":{"name":"(anonymous_1)","decl":{"start":{"line":36,"column":2},"end":{"line":36,"column":3}},"loc":{"start":{"line":36,"column":43},"end":{"line":69,"column":3}},"line":36},"2":{"name":"(anonymous_2)","decl":{"start":{"line":71,"column":2},"end":{"line":71,"column":3}},"loc":{"start":{"line":71,"column":40},"end":{"line":79,"column":3}},"line":71}},"branchMap":{"0":{"loc":{"start":{"line":10,"column":6},"end":{"line":12,"column":7}},"type":"if","locations":[{"start":{"line":10,"column":6},"end":{"line":12,"column":7}},{"start":{},"end":{}}],"line":10},"1":{"loc":{"start":{"line":13,"column":6},"end":{"line":15,"column":7}},"type":"if","locations":[{"start":{"line":13,"column":6},"end":{"line":15,"column":7}},{"start":{},"end":{}}],"line":13},"2":{"loc":{"start":{"line":18,"column":6},"end":{"line":20,"column":7}},"type":"if","locations":[{"start":{"line":18,"column":6},"end":{"line":20,"column":7}},{"start":{},"end":{}}],"line":18},"3":{"loc":{"start":{"line":22,"column":6},"end":{"line":24,"column":7}},"type":"if","locations":[{"start":{"line":22,"column":6},"end":{"line":24,"column":7}},{"start":{},"end":{}}],"line":22},"4":{"loc":{"start":{"line":39,"column":7},"end":{"line":41,"column":7}},"type":"if","locations":[{"start":{"line":39,"column":7},"end":{"line":41,"column":7}},{"start":{},"end":{}}],"line":39},"5":{"loc":{"start":{"line":42,"column":7},"end":{"line":44,"column":7}},"type":"if","locations":[{"start":{"line":42,"column":7},"end":{"line":44,"column":7}},{"start":{},"end":{}}],"line":42},"6":{"loc":{"start":{"line":65,"column":17},"end":{"line":65,"column":36}},"type":"cond-expr","locations":[{"start":{"line":65,"column":27},"end":{"line":65,"column":30}},{"start":{"line":65,"column":33},"end":{"line":65,"column":36}}],"line":65}},"s":{"0":6,"1":6,"2":6,"3":6,"4":6,"5":10,"6":10,"7":10,"8":2,"9":8,"10":2,"11":6,"12":6,"13":5,"14":1,"15":4,"16":4,"17":1,"18":3,"19":3,"20":3,"21":3,"22":3,"23":7,"24":2,"25":2,"26":2,"27":1,"28":1,"29":1,"30":0,"31":0,"32":0,"33":0,"34":0,"35":0,"36":0,"37":0,"38":2,"39":11,"40":11,"41":11,"42":3,"43":8,"44":6},"f":{"0":10,"1":2,"2":11},"b":{"0":[2,8],"1":[2,6],"2":[1,4],"3":[1,3],"4":[1,1],"5":[1,0],"6":[0,0]},"_coverageSchema":"1a1c01bbd47fc00a2c39e90264f33305004495a9","hash":"b3e3b576a4936cc9040f1570ec38d27dd7d3213a"}
,"D:\\Hacktiv8\\Phase 2\\IP-HCK87-Harry\\server\\controllers\\CourseController.js": {"path":"D:\\Hacktiv8\\Phase 2\\IP-HCK87-Harry\\server\\controllers\\CourseController.js","statementMap":{"0":{"start":{"line":1,"column":24},"end":{"line":1,"column":48}},"1":{"start":{"line":2,"column":19},"end":{"line":2,"column":39}},"2":{"start":{"line":3,"column":11},"end":{"line":3,"column":30}},"3":{"start":{"line":6,"column":4},"end":{"line":12,"column":5}},"4":{"start":{"line":7,"column":22},"end":{"line":7,"column":44}},"5":{"start":{"line":9,"column":6},"end":{"line":9,"column":36}},"6":{"start":{"line":11,"column":6},"end":{"line":11,"column":16}},"7":{"start":{"line":16,"column":4},"end":{"line":35,"column":5}},"8":{"start":{"line":17,"column":21},"end":{"line":17,"column":31}},"9":{"start":{"line":18,"column":6},"end":{"line":20,"column":7}},"10":{"start":{"line":19,"column":8},"end":{"line":19,"column":75}},"11":{"start":{"line":21,"column":21},"end":{"line":28,"column":8}},"12":{"start":{"line":29,"column":6},"end":{"line":31,"column":7}},"13":{"start":{"line":30,"column":8},"end":{"line":30,"column":64}},"14":{"start":{"line":32,"column":6},"end":{"line":32,"column":35}},"15":{"start":{"line":34,"column":6},"end":{"line":34,"column":16}},"16":{"start":{"line":39,"column":2},"end":{"line":48,"column":3}},"17":{"start":{"line":40,"column":27},"end":{"line":40,"column":37}},"18":{"start":{"line":41,"column":4},"end":{"line":43,"column":5}},"19":{"start":{"line":42,"column":6},"end":{"line":42,"column":75}},"20":{"start":{"line":44,"column":20},"end":{"line":44,"column":67}},"21":{"start":{"line":45,"column":4},"end":{"line":45,"column":34}},"22":{"start":{"line":47,"column":4},"end":{"line":47,"column":16}},"23":{"start":{"line":53,"column":4},"end":{"line":103,"column":5}},"24":{"start":{"line":54,"column":27},"end":{"line":54,"column":35}},"25":{"start":{"line":55,"column":23},"end":{"line":82,"column":8}},"26":{"start":{"line":83,"column":19},"end":{"line":83,"column":48}},"27":{"start":{"line":84,"column":6},"end":{"line":98,"column":7}},"28":{"start":{"line":85,"column":30},"end":{"line":90,"column":10}},"29":{"start":{"line":92,"column":8},"end":{"line":97,"column":9}},"30":{"start":{"line":93,"column":10},"end":{"line":96,"column":13}},"31":{"start":{"line":100,"column":6},"end":{"line":100,"column":38}},"32":{"start":{"line":102,"column":6},"end":{"line":102,"column":16}},"33":{"start":{"line":107,"column":4},"end":{"line":121,"column":5}},"34":{"start":{"line":108,"column":21},"end":{"line":108,"column":31}},"35":{"start":{"line":109,"column":49},"end":{"line":109,"column":57}},"36":{"start":{"line":110,"column":21},"end":{"line":110,"column":46}},"37":{"start":{"line":111,"column":6},"end":{"line":113,"column":7}},"38":{"start":{"line":112,"column":8},"end":{"line":112,"column":64}},"39":{"start":{"line":114,"column":6},"end":{"line":114,"column":27}},"40":{"start":{"line":115,"column":6},"end":{"line":115,"column":39}},"41":{"start":{"line":116,"column":6},"end":{"line":116,"column":37}},"42":{"start":{"line":117,"column":6},"end":{"line":117,"column":26}},"43":{"start":{"line":118,"column":6},"end":{"line":118,"column":35}},"44":{"start":{"line":120,"column":6},"end":{"line":120,"column":16}},"45":{"start":{"line":125,"column":4},"end":{"line":135,"column":5}},"46":{"start":{"line":126,"column":21},"end":{"line":126,"column":31}},"47":{"start":{"line":127,"column":21},"end":{"line":127,"column":46}},"48":{"start":{"line":128,"column":6},"end":{"line":130,"column":7}},"49":{"start":{"line":129,"column":8},"end":{"line":129,"column":64}},"50":{"start":{"line":131,"column":6},"end":{"line":131,"column":29}},"51":{"start":{"line":132,"column":6},"end":{"line":132,"column":29}},"52":{"start":{"line":134,"column":6},"end":{"line":134,"column":16}},"53":{"start":{"line":139,"column":0},"end":{"line":139,"column":34}}},"fnMap":{"0":{"name":"(anonymous_0)","decl":{"start":{"line":5,"column":2},"end":{"line":5,"column":3}},"loc":{"start":{"line":5,"column":45},"end":{"line":13,"column":3}},"line":5},"1":{"name":"(anonymous_1)","decl":{"start":{"line":15,"column":2},"end":{"line":15,"column":3}},"loc":{"start":{"line":15,"column":45},"end":{"line":36,"column":3}},"line":15},"2":{"name":"(anonymous_2)","decl":{"start":{"line":38,"column":2},"end":{"line":38,"column":3}},"loc":{"start":{"line":38,"column":54},"end":{"line":50,"column":3}},"line":38},"3":{"name":"(anonymous_3)","decl":{"start":{"line":52,"column":2},"end":{"line":52,"column":3}},"loc":{"start":{"line":52,"column":44},"end":{"line":104,"column":3}},"line":52},"4":{"name":"(anonymous_4)","decl":{"start":{"line":106,"column":2},"end":{"line":106,"column":3}},"loc":{"start":{"line":106,"column":44},"end":{"line":122,"column":3}},"line":106},"5":{"name":"(anonymous_5)","decl":{"start":{"line":124,"column":2},"end":{"line":124,"column":3}},"loc":{"start":{"line":124,"column":44},"end":{"line":136,"column":3}},"line":124}},"branchMap":{"0":{"loc":{"start":{"line":18,"column":6},"end":{"line":20,"column":7}},"type":"if","locations":[{"start":{"line":18,"column":6},"end":{"line":20,"column":7}},{"start":{},"end":{}}],"line":18},"1":{"loc":{"start":{"line":29,"column":6},"end":{"line":31,"column":7}},"type":"if","locations":[{"start":{"line":29,"column":6},"end":{"line":31,"column":7}},{"start":{},"end":{}}],"line":29},"2":{"loc":{"start":{"line":41,"column":4},"end":{"line":43,"column":5}},"type":"if","locations":[{"start":{"line":41,"column":4},"end":{"line":43,"column":5}},{"start":{},"end":{}}],"line":41},"3":{"loc":{"start":{"line":111,"column":6},"end":{"line":113,"column":7}},"type":"if","locations":[{"start":{"line":111,"column":6},"end":{"line":113,"column":7}},{"start":{},"end":{}}],"line":111},"4":{"loc":{"start":{"line":128,"column":6},"end":{"line":130,"column":7}},"type":"if","locations":[{"start":{"line":128,"column":6},"end":{"line":130,"column":7}},{"start":{},"end":{}}],"line":128}},"s":{"0":6,"1":6,"2":6,"3":2,"4":2,"5":2,"6":0,"7":7,"8":7,"9":7,"10":1,"11":6,"12":6,"13":1,"14":5,"15":2,"16":3,"17":3,"18":3,"19":1,"20":2,"21":2,"22":1,"23":1,"24":1,"25":1,"26":0,"27":0,"28":0,"29":0,"30":0,"31":0,"32":1,"33":2,"34":2,"35":2,"36":2,"37":2,"38":1,"39":1,"40":1,"41":1,"42":1,"43":1,"44":1,"45":2,"46":2,"47":2,"48":2,"49":1,"50":1,"51":1,"52":1,"53":6},"f":{"0":2,"1":7,"2":3,"3":1,"4":2,"5":2},"b":{"0":[1,6],"1":[1,5],"2":[1,2],"3":[1,1],"4":[1,1]},"_coverageSchema":"1a1c01bbd47fc00a2c39e90264f33305004495a9","hash":"547e5b0fb867e7f2e4011d3401e235cffcc682eb"}
,"D:\\Hacktiv8\\Phase 2\\IP-HCK87-Harry\\server\\controllers\\LanguageController.js": {"path":"D:\\Hacktiv8\\Phase 2\\IP-HCK87-Harry\\server\\controllers\\LanguageController.js","statementMap":{"0":{"start":{"line":1,"column":21},"end":{"line":1,"column":41}},"1":{"start":{"line":5,"column":4},"end":{"line":10,"column":5}},"2":{"start":{"line":6,"column":24},"end":{"line":6,"column":48}},"3":{"start":{"line":7,"column":6},"end":{"line":7,"column":38}},"4":{"start":{"line":9,"column":6},"end":{"line":9,"column":16}},"5":{"start":{"line":14,"column":4},"end":{"line":26,"column":5}},"6":{"start":{"line":15,"column":21},"end":{"line":15,"column":31}},"7":{"start":{"line":16,"column":6},"end":{"line":18,"column":7}},"8":{"start":{"line":17,"column":8},"end":{"line":17,"column":77}},"9":{"start":{"line":19,"column":23},"end":{"line":19,"column":50}},"10":{"start":{"line":20,"column":6},"end":{"line":22,"column":7}},"11":{"start":{"line":21,"column":8},"end":{"line":21,"column":66}},"12":{"start":{"line":23,"column":6},"end":{"line":23,"column":37}},"13":{"start":{"line":25,"column":6},"end":{"line":25,"column":16}},"14":{"start":{"line":30,"column":4},"end":{"line":36,"column":5}},"15":{"start":{"line":31,"column":23},"end":{"line":31,"column":31}},"16":{"start":{"line":32,"column":26},"end":{"line":32,"column":57}},"17":{"start":{"line":33,"column":6},"end":{"line":33,"column":40}},"18":{"start":{"line":35,"column":6},"end":{"line":35,"column":16}},"19":{"start":{"line":40,"column":4},"end":{"line":53,"column":5}},"20":{"start":{"line":41,"column":21},"end":{"line":41,"column":31}},"21":{"start":{"line":42,"column":5},"end":{"line":44,"column":7}},"22":{"start":{"line":43,"column":8},"end":{"line":43,"column":77}},"23":{"start":{"line":45,"column":23},"end":{"line":45,"column":50}},"24":{"start":{"line":46,"column":6},"end":{"line":48,"column":7}},"25":{"start":{"line":47,"column":8},"end":{"line":47,"column":66}},"26":{"start":{"line":49,"column":6},"end":{"line":49,"column":31}},"27":{"start":{"line":50,"column":6},"end":{"line":50,"column":29}},"28":{"start":{"line":52,"column":6},"end":{"line":52,"column":16}},"29":{"start":{"line":57,"column":0},"end":{"line":57,"column":36}}},"fnMap":{"0":{"name":"(anonymous_0)","decl":{"start":{"line":4,"column":2},"end":{"line":4,"column":3}},"loc":{"start":{"line":4,"column":47},"end":{"line":11,"column":3}},"line":4},"1":{"name":"(anonymous_1)","decl":{"start":{"line":13,"column":2},"end":{"line":13,"column":3}},"loc":{"start":{"line":13,"column":47},"end":{"line":27,"column":3}},"line":13},"2":{"name":"(anonymous_2)","decl":{"start":{"line":29,"column":2},"end":{"line":29,"column":3}},"loc":{"start":{"line":29,"column":46},"end":{"line":37,"column":3}},"line":29},"3":{"name":"(anonymous_3)","decl":{"start":{"line":39,"column":2},"end":{"line":39,"column":3}},"loc":{"start":{"line":39,"column":46},"end":{"line":54,"column":3}},"line":39}},"branchMap":{"0":{"loc":{"start":{"line":16,"column":6},"end":{"line":18,"column":7}},"type":"if","locations":[{"start":{"line":16,"column":6},"end":{"line":18,"column":7}},{"start":{},"end":{}}],"line":16},"1":{"loc":{"start":{"line":20,"column":6},"end":{"line":22,"column":7}},"type":"if","locations":[{"start":{"line":20,"column":6},"end":{"line":22,"column":7}},{"start":{},"end":{}}],"line":20},"2":{"loc":{"start":{"line":42,"column":5},"end":{"line":44,"column":7}},"type":"if","locations":[{"start":{"line":42,"column":5},"end":{"line":44,"column":7}},{"start":{},"end":{}}],"line":42},"3":{"loc":{"start":{"line":46,"column":6},"end":{"line":48,"column":7}},"type":"if","locations":[{"start":{"line":46,"column":6},"end":{"line":48,"column":7}},{"start":{},"end":{}}],"line":46}},"s":{"0":6,"1":6,"2":6,"3":5,"4":1,"5":5,"6":5,"7":5,"8":1,"9":4,"10":3,"11":1,"12":2,"13":3,"14":20,"15":20,"16":20,"17":14,"18":6,"19":5,"20":5,"21":5,"22":1,"23":4,"24":3,"25":1,"26":2,"27":2,"28":3,"29":6},"f":{"0":6,"1":5,"2":20,"3":5},"b":{"0":[1,4],"1":[1,2],"2":[1,4],"3":[1,2]},"_coverageSchema":"1a1c01bbd47fc00a2c39e90264f33305004495a9","hash":"969c1a6aeb6b68eb244dffe0fe634336fcdd3586"}
,"D:\\Hacktiv8\\Phase 2\\IP-HCK87-Harry\\server\\controllers\\QuestionController.js": {"path":"D:\\Hacktiv8\\Phase 2\\IP-HCK87-Harry\\server\\controllers\\QuestionController.js","statementMap":{"0":{"start":{"line":1,"column":21},"end":{"line":1,"column":41}},"1":{"start":{"line":2,"column":0},"end":{"line":74,"column":2}},"2":{"start":{"line":4,"column":4},"end":{"line":9,"column":5}},"3":{"start":{"line":5,"column":24},"end":{"line":5,"column":48}},"4":{"start":{"line":6,"column":6},"end":{"line":6,"column":38}},"5":{"start":{"line":8,"column":6},"end":{"line":8,"column":16}},"6":{"start":{"line":12,"column":4},"end":{"line":24,"column":5}},"7":{"start":{"line":13,"column":21},"end":{"line":13,"column":31}},"8":{"start":{"line":14,"column":6},"end":{"line":16,"column":7}},"9":{"start":{"line":15,"column":8},"end":{"line":15,"column":77}},"10":{"start":{"line":17,"column":23},"end":{"line":17,"column":50}},"11":{"start":{"line":18,"column":6},"end":{"line":20,"column":7}},"12":{"start":{"line":19,"column":8},"end":{"line":19,"column":66}},"13":{"start":{"line":21,"column":6},"end":{"line":21,"column":37}},"14":{"start":{"line":23,"column":6},"end":{"line":23,"column":16}},"15":{"start":{"line":27,"column":4},"end":{"line":42,"column":5}},"16":{"start":{"line":28,"column":58},"end":{"line":28,"column":66}},"17":{"start":{"line":30,"column":7},"end":{"line":32,"column":7}},"18":{"start":{"line":31,"column":8},"end":{"line":31,"column":74}},"19":{"start":{"line":34,"column":6},"end":{"line":36,"column":7}},"20":{"start":{"line":35,"column":8},"end":{"line":35,"column":90}},"21":{"start":{"line":38,"column":26},"end":{"line":38,"column":92}},"22":{"start":{"line":39,"column":6},"end":{"line":39,"column":40}},"23":{"start":{"line":41,"column":6},"end":{"line":41,"column":16}},"24":{"start":{"line":45,"column":4},"end":{"line":59,"column":5}},"25":{"start":{"line":46,"column":21},"end":{"line":46,"column":31}},"26":{"start":{"line":47,"column":41},"end":{"line":47,"column":49}},"27":{"start":{"line":48,"column":23},"end":{"line":48,"column":50}},"28":{"start":{"line":49,"column":6},"end":{"line":51,"column":7}},"29":{"start":{"line":50,"column":8},"end":{"line":50,"column":66}},"30":{"start":{"line":52,"column":6},"end":{"line":52,"column":27}},"31":{"start":{"line":53,"column":6},"end":{"line":53,"column":31}},"32":{"start":{"line":54,"column":6},"end":{"line":54,"column":35}},"33":{"start":{"line":55,"column":6},"end":{"line":55,"column":28}},"34":{"start":{"line":56,"column":6},"end":{"line":56,"column":37}},"35":{"start":{"line":58,"column":6},"end":{"line":58,"column":16}},"36":{"start":{"line":62,"column":4},"end":{"line":72,"column":5}},"37":{"start":{"line":63,"column":21},"end":{"line":63,"column":31}},"38":{"start":{"line":64,"column":23},"end":{"line":64,"column":50}},"39":{"start":{"line":65,"column":6},"end":{"line":67,"column":7}},"40":{"start":{"line":66,"column":8},"end":{"line":66,"column":66}},"41":{"start":{"line":68,"column":6},"end":{"line":68,"column":31}},"42":{"start":{"line":69,"column":6},"end":{"line":69,"column":29}},"43":{"start":{"line":71,"column":6},"end":{"line":71,"column":16}}},"fnMap":{"0":{"name":"(anonymous_0)","decl":{"start":{"line":3,"column":2},"end":{"line":3,"column":3}},"loc":{"start":{"line":3,"column":47},"end":{"line":10,"column":3}},"line":3},"1":{"name":"(anonymous_1)","decl":{"start":{"line":11,"column":2},"end":{"line":11,"column":3}},"loc":{"start":{"line":11,"column":47},"end":{"line":25,"column":3}},"line":11},"2":{"name":"(anonymous_2)","decl":{"start":{"line":26,"column":2},"end":{"line":26,"column":3}},"loc":{"start":{"line":26,"column":46},"end":{"line":43,"column":3}},"line":26},"3":{"name":"(anonymous_3)","decl":{"start":{"line":44,"column":2},"end":{"line":44,"column":3}},"loc":{"start":{"line":44,"column":46},"end":{"line":60,"column":3}},"line":44},"4":{"name":"(anonymous_4)","decl":{"start":{"line":61,"column":2},"end":{"line":61,"column":3}},"loc":{"start":{"line":61,"column":46},"end":{"line":73,"column":3}},"line":61}},"branchMap":{"0":{"loc":{"start":{"line":14,"column":6},"end":{"line":16,"column":7}},"type":"if","locations":[{"start":{"line":14,"column":6},"end":{"line":16,"column":7}},{"start":{},"end":{}}],"line":14},"1":{"loc":{"start":{"line":18,"column":6},"end":{"line":20,"column":7}},"type":"if","locations":[{"start":{"line":18,"column":6},"end":{"line":20,"column":7}},{"start":{},"end":{}}],"line":18},"2":{"loc":{"start":{"line":30,"column":7},"end":{"line":32,"column":7}},"type":"if","locations":[{"start":{"line":30,"column":7},"end":{"line":32,"column":7}},{"start":{},"end":{}}],"line":30},"3":{"loc":{"start":{"line":34,"column":6},"end":{"line":36,"column":7}},"type":"if","locations":[{"start":{"line":34,"column":6},"end":{"line":36,"column":7}},{"start":{},"end":{}}],"line":34},"4":{"loc":{"start":{"line":34,"column":10},"end":{"line":34,"column":47}},"type":"binary-expr","locations":[{"start":{"line":34,"column":10},"end":{"line":34,"column":23}},{"start":{"line":34,"column":27},"end":{"line":34,"column":34}},{"start":{"line":34,"column":38},"end":{"line":34,"column":47}}],"line":34},"5":{"loc":{"start":{"line":49,"column":6},"end":{"line":51,"column":7}},"type":"if","locations":[{"start":{"line":49,"column":6},"end":{"line":51,"column":7}},{"start":{},"end":{}}],"line":49},"6":{"loc":{"start":{"line":65,"column":6},"end":{"line":67,"column":7}},"type":"if","locations":[{"start":{"line":65,"column":6},"end":{"line":67,"column":7}},{"start":{},"end":{}}],"line":65}},"s":{"0":6,"1":6,"2":9,"3":9,"4":8,"5":1,"6":8,"7":8,"8":8,"9":1,"10":7,"11":6,"12":1,"13":5,"14":3,"15":13,"16":13,"17":13,"18":1,"19":12,"20":12,"21":0,"22":0,"23":13,"24":2,"25":2,"26":2,"27":2,"28":2,"29":1,"30":1,"31":1,"32":1,"33":1,"34":1,"35":1,"36":2,"37":2,"38":2,"39":2,"40":1,"41":1,"42":1,"43":1},"f":{"0":9,"1":8,"2":13,"3":2,"4":2},"b":{"0":[1,7],"1":[1,5],"2":[1,12],"3":[12,0],"4":[12,0,0],"5":[1,1],"6":[1,1]},"_coverageSchema":"1a1c01bbd47fc00a2c39e90264f33305004495a9","hash":"707735058c903bc25258d71eb525d97ef6c3b7fa"}
,"D:\\Hacktiv8\\Phase 2\\IP-HCK87-Harry\\server\\controllers\\TransactionController.js": {"path":"D:\\Hacktiv8\\Phase 2\\IP-HCK87-Harry\\server\\controllers\\TransactionController.js","statementMap":{"0":{"start":{"line":1,"column":30},"end":{"line":1,"column":50}},"1":{"start":{"line":2,"column":23},"end":{"line":2,"column":49}},"2":{"start":{"line":3,"column":11},"end":{"line":6,"column":2}},"3":{"start":{"line":10,"column":4},"end":{"line":39,"column":5}},"4":{"start":{"line":11,"column":28},"end":{"line":11,"column":36}},"5":{"start":{"line":14,"column":6},"end":{"line":18,"column":7}},"6":{"start":{"line":15,"column":8},"end":{"line":17,"column":11}},"7":{"start":{"line":21,"column":6},"end":{"line":25,"column":7}},"8":{"start":{"line":22,"column":8},"end":{"line":24,"column":11}},"9":{"start":{"line":28,"column":26},"end":{"line":28,"column":65}},"10":{"start":{"line":30,"column":29},"end":{"line":30,"column":46}},"11":{"start":{"line":31,"column":6},"end":{"line":31,"column":57}},"12":{"start":{"line":33,"column":6},"end":{"line":36,"column":9}},"13":{"start":{"line":38,"column":6},"end":{"line":38,"column":18}},"14":{"start":{"line":43,"column":4},"end":{"line":92,"column":5}},"15":{"start":{"line":44,"column":32},"end":{"line":44,"column":40}},"16":{"start":{"line":47,"column":6},"end":{"line":51,"column":7}},"17":{"start":{"line":48,"column":8},"end":{"line":50,"column":11}},"18":{"start":{"line":53,"column":19},"end":{"line":53,"column":46}},"19":{"start":{"line":54,"column":6},"end":{"line":58,"column":7}},"20":{"start":{"line":55,"column":8},"end":{"line":57,"column":11}},"21":{"start":{"line":60,"column":20},"end":{"line":64,"column":8}},"22":{"start":{"line":67,"column":27},"end":{"line":67,"column":79}},"23":{"start":{"line":69,"column":22},"end":{"line":86,"column":7}},"24":{"start":{"line":87,"column":6},"end":{"line":89,"column":68}},"25":{"start":{"line":91,"column":6},"end":{"line":91,"column":18}},"26":{"start":{"line":96,"column":4},"end":{"line":157,"column":5}},"27":{"start":{"line":97,"column":31},"end":{"line":97,"column":39}},"28":{"start":{"line":100,"column":6},"end":{"line":104,"column":7}},"29":{"start":{"line":101,"column":8},"end":{"line":103,"column":11}},"30":{"start":{"line":107,"column":6},"end":{"line":111,"column":7}},"31":{"start":{"line":108,"column":8},"end":{"line":110,"column":11}},"32":{"start":{"line":113,"column":29},"end":{"line":115,"column":7}},"33":{"start":{"line":118,"column":32},"end":{"line":118,"column":104}},"34":{"start":{"line":121,"column":29},"end":{"line":121,"column":78}},"35":{"start":{"line":122,"column":6},"end":{"line":127,"column":7}},"36":{"start":{"line":123,"column":8},"end":{"line":126,"column":11}},"37":{"start":{"line":130,"column":6},"end":{"line":152,"column":7}},"38":{"start":{"line":132,"column":24},"end":{"line":132,"column":76}},"39":{"start":{"line":135,"column":29},"end":{"line":135,"column":47}},"40":{"start":{"line":136,"column":8},"end":{"line":151,"column":9}},"41":{"start":{"line":137,"column":32},"end":{"line":137,"column":57}},"42":{"start":{"line":140,"column":10},"end":{"line":150,"column":11}},"43":{"start":{"line":141,"column":32},"end":{"line":141,"column":73}},"44":{"start":{"line":143,"column":12},"end":{"line":149,"column":13}},"45":{"start":{"line":145,"column":14},"end":{"line":148,"column":16}},"46":{"start":{"line":154,"column":6},"end":{"line":154,"column":84}},"47":{"start":{"line":156,"column":6},"end":{"line":156,"column":18}},"48":{"start":{"line":161,"column":0},"end":{"line":161,"column":39}}},"fnMap":{"0":{"name":"(anonymous_0)","decl":{"start":{"line":9,"column":2},"end":{"line":9,"column":3}},"loc":{"start":{"line":9,"column":49},"end":{"line":40,"column":3}},"line":9},"1":{"name":"(anonymous_1)","decl":{"start":{"line":42,"column":2},"end":{"line":42,"column":3}},"loc":{"start":{"line":42,"column":43},"end":{"line":93,"column":3}},"line":42},"2":{"name":"(anonymous_2)","decl":{"start":{"line":95,"column":2},"end":{"line":95,"column":3}},"loc":{"start":{"line":95,"column":55},"end":{"line":158,"column":3}},"line":95}},"branchMap":{"0":{"loc":{"start":{"line":14,"column":6},"end":{"line":18,"column":7}},"type":"if","locations":[{"start":{"line":14,"column":6},"end":{"line":18,"column":7}},{"start":{},"end":{}}],"line":14},"1":{"loc":{"start":{"line":21,"column":6},"end":{"line":25,"column":7}},"type":"if","locations":[{"start":{"line":21,"column":6},"end":{"line":25,"column":7}},{"start":{},"end":{}}],"line":21},"2":{"loc":{"start":{"line":21,"column":10},"end":{"line":21,"column":130}},"type":"binary-expr","locations":[{"start":{"line":21,"column":10},"end":{"line":21,"column":40}},{"start":{"line":21,"column":44},"end":{"line":21,"column":83}},{"start":{"line":21,"column":87},"end":{"line":21,"column":130}}],"line":21},"3":{"loc":{"start":{"line":47,"column":6},"end":{"line":51,"column":7}},"type":"if","locations":[{"start":{"line":47,"column":6},"end":{"line":51,"column":7}},{"start":{},"end":{}}],"line":47},"4":{"loc":{"start":{"line":47,"column":10},"end":{"line":47,"column":28}},"type":"binary-expr","locations":[{"start":{"line":47,"column":10},"end":{"line":47,"column":17}},{"start":{"line":47,"column":21},"end":{"line":47,"column":28}}],"line":47},"5":{"loc":{"start":{"line":54,"column":6},"end":{"line":58,"column":7}},"type":"if","locations":[{"start":{"line":54,"column":6},"end":{"line":58,"column":7}},{"start":{},"end":{}}],"line":54},"6":{"loc":{"start":{"line":100,"column":6},"end":{"line":104,"column":7}},"type":"if","locations":[{"start":{"line":100,"column":6},"end":{"line":104,"column":7}},{"start":{},"end":{}}],"line":100},"7":{"loc":{"start":{"line":100,"column":10},"end":{"line":100,"column":73}},"type":"binary-expr","locations":[{"start":{"line":100,"column":10},"end":{"line":100,"column":27}},{"start":{"line":100,"column":31},"end":{"line":100,"column":73}}],"line":100},"8":{"loc":{"start":{"line":107,"column":6},"end":{"line":111,"column":7}},"type":"if","locations":[{"start":{"line":107,"column":6},"end":{"line":111,"column":7}},{"start":{},"end":{}}],"line":107},"9":{"loc":{"start":{"line":118,"column":32},"end":{"line":118,"column":104}},"type":"binary-expr","locations":[{"start":{"line":118,"column":32},"end":{"line":118,"column":67}},{"start":{"line":118,"column":71},"end":{"line":118,"column":104}}],"line":118},"10":{"loc":{"start":{"line":122,"column":6},"end":{"line":127,"column":7}},"type":"if","locations":[{"start":{"line":122,"column":6},"end":{"line":127,"column":7}},{"start":{},"end":{}}],"line":122},"11":{"loc":{"start":{"line":130,"column":6},"end":{"line":152,"column":7}},"type":"if","locations":[{"start":{"line":130,"column":6},"end":{"line":152,"column":7}},{"start":{},"end":{}}],"line":130},"12":{"loc":{"start":{"line":130,"column":10},"end":{"line":130,"column":79}},"type":"binary-expr","locations":[{"start":{"line":130,"column":10},"end":{"line":130,"column":41}},{"start":{"line":130,"column":45},"end":{"line":130,"column":79}}],"line":130},"13":{"loc":{"start":{"line":132,"column":24},"end":{"line":132,"column":76}},"type":"binary-expr","locations":[{"start":{"line":132,"column":24},"end":{"line":132,"column":49}},{"start":{"line":132,"column":53},"end":{"line":132,"column":76}}],"line":132},"14":{"loc":{"start":{"line":136,"column":8},"end":{"line":151,"column":9}},"type":"if","locations":[{"start":{"line":136,"column":8},"end":{"line":151,"column":9}},{"start":{},"end":{}}],"line":136},"15":{"loc":{"start":{"line":140,"column":10},"end":{"line":150,"column":11}},"type":"if","locations":[{"start":{"line":140,"column":10},"end":{"line":150,"column":11}},{"start":{},"end":{}}],"line":140},"16":{"loc":{"start":{"line":143,"column":12},"end":{"line":149,"column":13}},"type":"if","locations":[{"start":{"line":143,"column":12},"end":{"line":149,"column":13}},{"start":{},"end":{}}],"line":143}},"s":{"0":6,"1":6,"2":6,"3":3,"4":3,"5":3,"6":1,"7":2,"8":1,"9":1,"10":1,"11":1,"12":1,"13":0,"14":20,"15":20,"16":20,"17":2,"18":18,"19":18,"20":1,"21":17,"22":17,"23":17,"24":17,"25":0,"26":13,"27":13,"28":13,"29":1,"30":12,"31":1,"32":11,"33":11,"34":11,"35":11,"36":2,"37":9,"38":9,"39":9,"40":9,"41":9,"42":9,"43":7,"44":7,"45":4,"46":9,"47":0,"48":6},"f":{"0":3,"1":20,"2":13},"b":{"0":[1,2],"1":[1,1],"2":[2,1,1],"3":[2,18],"4":[20,20],"5":[1,17],"6":[1,12],"7":[13,13],"8":[1,11],"9":[11,0],"10":[2,9],"11":[9,0],"12":[9,1],"13":[9,0],"14":[9,0],"15":[7,2],"16":[4,3]},"_coverageSchema":"1a1c01bbd47fc00a2c39e90264f33305004495a9","hash":"00aa929acc766e3813174f5f3e378486b8999517"}
,"D:\\Hacktiv8\\Phase 2\\IP-HCK87-Harry\\server\\controllers\\UserController.js": {"path":"D:\\Hacktiv8\\Phase 2\\IP-HCK87-Harry\\server\\controllers\\UserController.js","statementMap":{"0":{"start":{"line":1,"column":40},"end":{"line":1,"column":60}},"1":{"start":{"line":2,"column":22},"end":{"line":2,"column":42}},"2":{"start":{"line":3,"column":19},"end":{"line":3,"column":43}},"3":{"start":{"line":7,"column":4},"end":{"line":12,"column":5}},"4":{"start":{"line":8,"column":20},"end":{"line":8,"column":40}},"5":{"start":{"line":9,"column":6},"end":{"line":9,"column":34}},"6":{"start":{"line":11,"column":6},"end":{"line":11,"column":16}},"7":{"start":{"line":18,"column":4},"end":{"line":49,"column":5}},"8":{"start":{"line":19,"column":21},"end":{"line":19,"column":31}},"9":{"start":{"line":20,"column":19},"end":{"line":20,"column":42}},"10":{"start":{"line":21,"column":6},"end":{"line":23,"column":7}},"11":{"start":{"line":22,"column":8},"end":{"line":22,"column":62}},"12":{"start":{"line":25,"column":20},"end":{"line":27,"column":8}},"13":{"start":{"line":29,"column":6},"end":{"line":36,"column":7}},"14":{"start":{"line":31,"column":8},"end":{"line":35,"column":11}},"15":{"start":{"line":39,"column":27},"end":{"line":44,"column":7}},"16":{"start":{"line":46,"column":6},"end":{"line":46,"column":41}},"17":{"start":{"line":48,"column":6},"end":{"line":48,"column":16}},"18":{"start":{"line":53,"column":4},"end":{"line":90,"column":5}},"19":{"start":{"line":54,"column":21},"end":{"line":54,"column":31}},"20":{"start":{"line":55,"column":19},"end":{"line":55,"column":42}},"21":{"start":{"line":56,"column":6},"end":{"line":58,"column":7}},"22":{"start":{"line":57,"column":8},"end":{"line":57,"column":62}},"23":{"start":{"line":61,"column":20},"end":{"line":61,"column":73}},"24":{"start":{"line":63,"column":6},"end":{"line":74,"column":7}},"25":{"start":{"line":65,"column":8},"end":{"line":65,"column":39}},"26":{"start":{"line":66,"column":8},"end":{"line":66,"column":31}},"27":{"start":{"line":69,"column":8},"end":{"line":73,"column":11}},"28":{"start":{"line":77,"column":27},"end":{"line":82,"column":7}},"29":{"start":{"line":84,"column":6},"end":{"line":87,"column":9}},"30":{"start":{"line":89,"column":6},"end":{"line":89,"column":16}},"31":{"start":{"line":94,"column":4},"end":{"line":127,"column":5}},"32":{"start":{"line":95,"column":21},"end":{"line":95,"column":31}},"33":{"start":{"line":96,"column":19},"end":{"line":96,"column":42}},"34":{"start":{"line":97,"column":6},"end":{"line":99,"column":7}},"35":{"start":{"line":98,"column":8},"end":{"line":98,"column":62}},"36":{"start":{"line":101,"column":51},"end":{"line":101,"column":59}},"37":{"start":{"line":104,"column":31},"end":{"line":109,"column":8}},"38":{"start":{"line":111,"column":6},"end":{"line":113,"column":7}},"39":{"start":{"line":112,"column":8},"end":{"line":112,"column":93}},"40":{"start":{"line":116,"column":27},"end":{"line":121,"column":7}},"41":{"start":{"line":123,"column":26},"end":{"line":123,"column":65}},"42":{"start":{"line":124,"column":6},"end":{"line":124,"column":40}},"43":{"start":{"line":126,"column":6},"end":{"line":126,"column":16}},"44":{"start":{"line":131,"column":4},"end":{"line":146,"column":5}},"45":{"start":{"line":132,"column":33},"end":{"line":132,"column":43}},"46":{"start":{"line":133,"column":19},"end":{"line":133,"column":42}},"47":{"start":{"line":134,"column":6},"end":{"line":136,"column":7}},"48":{"start":{"line":135,"column":8},"end":{"line":135,"column":62}},"49":{"start":{"line":137,"column":23},"end":{"line":142,"column":8}},"50":{"start":{"line":143,"column":6},"end":{"line":143,"column":37}},"51":{"start":{"line":145,"column":6},"end":{"line":145,"column":16}},"52":{"start":{"line":150,"column":4},"end":{"line":168,"column":5}},"53":{"start":{"line":151,"column":21},"end":{"line":151,"column":31}},"54":{"start":{"line":152,"column":19},"end":{"line":152,"column":42}},"55":{"start":{"line":153,"column":6},"end":{"line":155,"column":7}},"56":{"start":{"line":154,"column":8},"end":{"line":154,"column":62}},"57":{"start":{"line":156,"column":23},"end":{"line":164,"column":8}},"58":{"start":{"line":165,"column":6},"end":{"line":165,"column":37}},"59":{"start":{"line":167,"column":6},"end":{"line":167,"column":16}},"60":{"start":{"line":172,"column":4},"end":{"line":192,"column":5}},"61":{"start":{"line":173,"column":33},"end":{"line":173,"column":43}},"62":{"start":{"line":174,"column":19},"end":{"line":174,"column":42}},"63":{"start":{"line":175,"column":6},"end":{"line":177,"column":7}},"64":{"start":{"line":176,"column":8},"end":{"line":176,"column":62}},"65":{"start":{"line":178,"column":23},"end":{"line":183,"column":8}},"66":{"start":{"line":184,"column":6},"end":{"line":186,"column":7}},"67":{"start":{"line":185,"column":8},"end":{"line":185,"column":66}},"68":{"start":{"line":187,"column":27},"end":{"line":187,"column":35}},"69":{"start":{"line":188,"column":6},"end":{"line":188,"column":42}},"70":{"start":{"line":189,"column":6},"end":{"line":189,"column":37}},"71":{"start":{"line":191,"column":6},"end":{"line":191,"column":16}},"72":{"start":{"line":196,"column":4},"end":{"line":206,"column":5}},"73":{"start":{"line":197,"column":21},"end":{"line":197,"column":31}},"74":{"start":{"line":198,"column":19},"end":{"line":198,"column":42}},"75":{"start":{"line":199,"column":6},"end":{"line":201,"column":7}},"76":{"start":{"line":200,"column":8},"end":{"line":200,"column":62}},"77":{"start":{"line":202,"column":6},"end":{"line":202,"column":27}},"78":{"start":{"line":203,"column":6},"end":{"line":203,"column":29}},"79":{"start":{"line":205,"column":6},"end":{"line":205,"column":16}},"80":{"start":{"line":210,"column":4},"end":{"line":264,"column":5}},"81":{"start":{"line":211,"column":6},"end":{"line":213,"column":7}},"82":{"start":{"line":212,"column":8},"end":{"line":212,"column":40}},"83":{"start":{"line":215,"column":21},"end":{"line":215,"column":34}},"84":{"start":{"line":217,"column":19},"end":{"line":217,"column":46}},"85":{"start":{"line":218,"column":6},"end":{"line":220,"column":7}},"86":{"start":{"line":219,"column":7},"end":{"line":219,"column":60}},"87":{"start":{"line":222,"column":26},"end":{"line":222,"column":60}},"88":{"start":{"line":223,"column":22},"end":{"line":223,"column":71}},"89":{"start":{"line":224,"column":21},"end":{"line":224,"column":86}},"90":{"start":{"line":227,"column":26},"end":{"line":227,"column":55}},"91":{"start":{"line":229,"column":6},"end":{"line":256,"column":7}},"92":{"start":{"line":231,"column":22},"end":{"line":234,"column":10}},"93":{"start":{"line":236,"column":8},"end":{"line":249,"column":9}},"94":{"start":{"line":238,"column":10},"end":{"line":241,"column":12}},"95":{"start":{"line":244,"column":10},"end":{"line":248,"column":30}},"96":{"start":{"line":252,"column":8},"end":{"line":252,"column":35}},"97":{"start":{"line":254,"column":8},"end":{"line":254,"column":37}},"98":{"start":{"line":255,"column":8},"end":{"line":255,"column":31}},"99":{"start":{"line":258,"column":6},"end":{"line":261,"column":9}},"100":{"start":{"line":263,"column":6},"end":{"line":263,"column":18}},"101":{"start":{"line":268,"column":0},"end":{"line":268,"column":32}}},"fnMap":{"0":{"name":"(anonymous_0)","decl":{"start":{"line":6,"column":2},"end":{"line":6,"column":3}},"loc":{"start":{"line":6,"column":43},"end":{"line":13,"column":3}},"line":6},"1":{"name":"(anonymous_1)","decl":{"start":{"line":17,"column":2},"end":{"line":17,"column":3}},"loc":{"start":{"line":17,"column":46},"end":{"line":50,"column":3}},"line":17},"2":{"name":"(anonymous_2)","decl":{"start":{"line":52,"column":2},"end":{"line":52,"column":3}},"loc":{"start":{"line":52,"column":49},"end":{"line":91,"column":3}},"line":52},"3":{"name":"(anonymous_3)","decl":{"start":{"line":93,"column":2},"end":{"line":93,"column":3}},"loc":{"start":{"line":93,"column":50},"end":{"line":128,"column":3}},"line":93},"4":{"name":"(anonymous_4)","decl":{"start":{"line":130,"column":2},"end":{"line":130,"column":3}},"loc":{"start":{"line":130,"column":47},"end":{"line":147,"column":3}},"line":130},"5":{"name":"(anonymous_5)","decl":{"start":{"line":149,"column":2},"end":{"line":149,"column":3}},"loc":{"start":{"line":149,"column":50},"end":{"line":169,"column":3}},"line":149},"6":{"name":"(anonymous_6)","decl":{"start":{"line":171,"column":2},"end":{"line":171,"column":3}},"loc":{"start":{"line":171,"column":50},"end":{"line":193,"column":3}},"line":171},"7":{"name":"(anonymous_7)","decl":{"start":{"line":195,"column":2},"end":{"line":195,"column":3}},"loc":{"start":{"line":195,"column":42},"end":{"line":207,"column":3}},"line":195},"8":{"name":"(anonymous_8)","decl":{"start":{"line":209,"column":2},"end":{"line":209,"column":3}},"loc":{"start":{"line":209,"column":51},"end":{"line":265,"column":3}},"line":209}},"branchMap":{"0":{"loc":{"start":{"line":21,"column":6},"end":{"line":23,"column":7}},"type":"if","locations":[{"start":{"line":21,"column":6},"end":{"line":23,"column":7}},{"start":{},"end":{}}],"line":21},"1":{"loc":{"start":{"line":29,"column":6},"end":{"line":36,"column":7}},"type":"if","locations":[{"start":{"line":29,"column":6},"end":{"line":36,"column":7}},{"start":{},"end":{}}],"line":29},"2":{"loc":{"start":{"line":33,"column":23},"end":{"line":33,"column":42}},"type":"binary-expr","locations":[{"start":{"line":33,"column":23},"end":{"line":33,"column":36}},{"start":{"line":33,"column":40},"end":{"line":33,"column":42}}],"line":33},"3":{"loc":{"start":{"line":56,"column":6},"end":{"line":58,"column":7}},"type":"if","locations":[{"start":{"line":56,"column":6},"end":{"line":58,"column":7}},{"start":{},"end":{}}],"line":56},"4":{"loc":{"start":{"line":63,"column":6},"end":{"line":74,"column":7}},"type":"if","locations":[{"start":{"line":63,"column":6},"end":{"line":74,"column":7}},{"start":{"line":67,"column":13},"end":{"line":74,"column":7}}],"line":63},"5":{"loc":{"start":{"line":72,"column":23},"end":{"line":72,"column":66}},"type":"binary-expr","locations":[{"start":{"line":72,"column":23},"end":{"line":72,"column":43}},{"start":{"line":72,"column":47},"end":{"line":72,"column":60}},{"start":{"line":72,"column":64},"end":{"line":72,"column":66}}],"line":72},"6":{"loc":{"start":{"line":97,"column":6},"end":{"line":99,"column":7}},"type":"if","locations":[{"start":{"line":97,"column":6},"end":{"line":99,"column":7}},{"start":{},"end":{}}],"line":97},"7":{"loc":{"start":{"line":111,"column":6},"end":{"line":113,"column":7}},"type":"if","locations":[{"start":{"line":111,"column":6},"end":{"line":113,"column":7}},{"start":{},"end":{}}],"line":111},"8":{"loc":{"start":{"line":119,"column":18},"end":{"line":119,"column":96}},"type":"binary-expr","locations":[{"start":{"line":119,"column":18},"end":{"line":119,"column":44}},{"start":{"line":119,"column":48},"end":{"line":119,"column":96}}],"line":119},"9":{"loc":{"start":{"line":134,"column":6},"end":{"line":136,"column":7}},"type":"if","locations":[{"start":{"line":134,"column":6},"end":{"line":136,"column":7}},{"start":{},"end":{}}],"line":134},"10":{"loc":{"start":{"line":153,"column":6},"end":{"line":155,"column":7}},"type":"if","locations":[{"start":{"line":153,"column":6},"end":{"line":155,"column":7}},{"start":{},"end":{}}],"line":153},"11":{"loc":{"start":{"line":175,"column":6},"end":{"line":177,"column":7}},"type":"if","locations":[{"start":{"line":175,"column":6},"end":{"line":177,"column":7}},{"start":{},"end":{}}],"line":175},"12":{"loc":{"start":{"line":184,"column":6},"end":{"line":186,"column":7}},"type":"if","locations":[{"start":{"line":184,"column":6},"end":{"line":186,"column":7}},{"start":{},"end":{}}],"line":184},"13":{"loc":{"start":{"line":199,"column":6},"end":{"line":201,"column":7}},"type":"if","locations":[{"start":{"line":199,"column":6},"end":{"line":201,"column":7}},{"start":{},"end":{}}],"line":199},"14":{"loc":{"start":{"line":211,"column":6},"end":{"line":213,"column":7}},"type":"if","locations":[{"start":{"line":211,"column":6},"end":{"line":213,"column":7}},{"start":{},"end":{}}],"line":211},"15":{"loc":{"start":{"line":218,"column":6},"end":{"line":220,"column":7}},"type":"if","locations":[{"start":{"line":218,"column":6},"end":{"line":220,"column":7}},{"start":{},"end":{}}],"line":218},"16":{"loc":{"start":{"line":236,"column":8},"end":{"line":249,"column":9}},"type":"if","locations":[{"start":{"line":236,"column":8},"end":{"line":249,"column":9}},{"start":{"line":242,"column":15},"end":{"line":249,"column":9}}],"line":236},"17":{"loc":{"start":{"line":247,"column":25},"end":{"line":247,"column":44}},"type":"binary-expr","locations":[{"start":{"line":247,"column":25},"end":{"line":247,"column":38}},{"start":{"line":247,"column":42},"end":{"line":247,"column":44}}],"line":247}},"s":{"0":6,"1":6,"2":6,"3":2,"4":2,"5":2,"6":0,"7":3,"8":3,"9":3,"10":3,"11":1,"12":2,"13":2,"14":1,"15":2,"16":2,"17":1,"18":5,"19":5,"20":5,"21":5,"22":1,"23":4,"24":4,"25":1,"26":1,"27":3,"28":4,"29":4,"30":1,"31":5,"32":5,"33":5,"34":5,"35":1,"36":4,"37":4,"38":4,"39":1,"40":3,"41":3,"42":3,"43":2,"44":3,"45":3,"46":3,"47":3,"48":1,"49":2,"50":2,"51":1,"52":3,"53":3,"54":3,"55":3,"56":1,"57":2,"58":2,"59":1,"60":3,"61":3,"62":3,"63":3,"64":1,"65":2,"66":2,"67":1,"68":1,"69":1,"70":1,"71":2,"72":2,"73":2,"74":2,"75":2,"76":1,"77":1,"78":1,"79":1,"80":3,"81":3,"82":1,"83":2,"84":2,"85":2,"86":1,"87":1,"88":1,"89":1,"90":0,"91":0,"92":0,"93":0,"94":0,"95":0,"96":0,"97":0,"98":0,"99":0,"100":3,"101":6},"f":{"0":2,"1":3,"2":5,"3":5,"4":3,"5":3,"6":3,"7":2,"8":3},"b":{"0":[1,2],"1":[1,1],"2":[1,0],"3":[1,4],"4":[1,3],"5":[3,1,0],"6":[1,4],"7":[1,3],"8":[3,1],"9":[1,2],"10":[1,2],"11":[1,2],"12":[1,1],"13":[1,1],"14":[1,2],"15":[1,1],"16":[0,0],"17":[0,0]},"_coverageSchema":"1a1c01bbd47fc00a2c39e90264f33305004495a9","hash":"ef92e6813aa61985517963dba7cb1080b0cee190"}
,"D:\\Hacktiv8\\Phase 2\\IP-HCK87-Harry\\server\\helpers\\bcrypt.js": {"path":"D:\\Hacktiv8\\Phase 2\\IP-HCK87-Harry\\server\\helpers\\bcrypt.js","statementMap":{"0":{"start":{"line":1,"column":16},"end":{"line":1,"column":35}},"1":{"start":{"line":3,"column":21},"end":{"line":5,"column":1}},"2":{"start":{"line":4,"column":2},"end":{"line":4,"column":38}},"3":{"start":{"line":7,"column":24},"end":{"line":9,"column":1}},"4":{"start":{"line":8,"column":2},"end":{"line":8,"column":53}},"5":{"start":{"line":11,"column":0},"end":{"line":14,"column":1}}},"fnMap":{"0":{"name":"(anonymous_0)","decl":{"start":{"line":3,"column":21},"end":{"line":3,"column":22}},"loc":{"start":{"line":3,"column":35},"end":{"line":5,"column":1}},"line":3},"1":{"name":"(anonymous_1)","decl":{"start":{"line":7,"column":24},"end":{"line":7,"column":25}},"loc":{"start":{"line":7,"column":54},"end":{"line":9,"column":1}},"line":7}},"branchMap":{},"s":{"0":6,"1":6,"2":25,"3":6,"4":4,"5":6},"f":{"0":25,"1":4},"b":{},"_coverageSchema":"1a1c01bbd47fc00a2c39e90264f33305004495a9","hash":"2bfc9083d2344f12c1eead608fbd9fd551eba079"}
,"D:\\Hacktiv8\\Phase 2\\IP-HCK87-Harry\\server\\helpers\\jwt.js": {"path":"D:\\Hacktiv8\\Phase 2\\IP-HCK87-Harry\\server\\helpers\\jwt.js","statementMap":{"0":{"start":{"line":1,"column":12},"end":{"line":1,"column":35}},"1":{"start":{"line":2,"column":19},"end":{"line":2,"column":41}},"2":{"start":{"line":4,"column":22},"end":{"line":6,"column":1}},"3":{"start":{"line":5,"column":2},"end":{"line":5,"column":39}},"4":{"start":{"line":7,"column":20},"end":{"line":9,"column":1}},"5":{"start":{"line":8,"column":2},"end":{"line":8,"column":39}},"6":{"start":{"line":10,"column":0},"end":{"line":13,"column":2}}},"fnMap":{"0":{"name":"(anonymous_0)","decl":{"start":{"line":4,"column":22},"end":{"line":4,"column":23}},"loc":{"start":{"line":4,"column":35},"end":{"line":6,"column":1}},"line":4},"1":{"name":"(anonymous_1)","decl":{"start":{"line":7,"column":20},"end":{"line":7,"column":21}},"loc":{"start":{"line":7,"column":31},"end":{"line":9,"column":1}},"line":7}},"branchMap":{},"s":{"0":6,"1":6,"2":6,"3":10,"4":6,"5":141,"6":6},"f":{"0":10,"1":141},"b":{},"_coverageSchema":"1a1c01bbd47fc00a2c39e90264f33305004495a9","hash":"bb3bf9b0681e32ffe7fa95c27c05c167051bd59c"}
,"D:\\Hacktiv8\\Phase 2\\IP-HCK87-Harry\\server\\middlewares\\authentication.js": {"path":"D:\\Hacktiv8\\Phase 2\\IP-HCK87-Harry\\server\\middlewares\\authentication.js","statementMap":{"0":{"start":{"line":1,"column":24},"end":{"line":1,"column":49}},"1":{"start":{"line":2,"column":17},"end":{"line":2,"column":37}},"2":{"start":{"line":3,"column":0},"end":{"line":27,"column":2}},"3":{"start":{"line":4,"column":2},"end":{"line":26,"column":3}},"4":{"start":{"line":5,"column":4},"end":{"line":7,"column":5}},"5":{"start":{"line":6,"column":6},"end":{"line":6,"column":73}},"6":{"start":{"line":8,"column":18},"end":{"line":8,"column":57}},"7":{"start":{"line":9,"column":4},"end":{"line":11,"column":5}},"8":{"start":{"line":10,"column":6},"end":{"line":10,"column":67}},"9":{"start":{"line":13,"column":17},"end":{"line":13,"column":35}},"10":{"start":{"line":14,"column":4},"end":{"line":17,"column":5}},"11":{"start":{"line":15,"column":6},"end":{"line":16,"column":57}},"12":{"start":{"line":18,"column":17},"end":{"line":18,"column":45}},"13":{"start":{"line":19,"column":4},"end":{"line":21,"column":5}},"14":{"start":{"line":20,"column":6},"end":{"line":20,"column":63}},"15":{"start":{"line":22,"column":4},"end":{"line":22,"column":25}},"16":{"start":{"line":23,"column":4},"end":{"line":23,"column":11}},"17":{"start":{"line":25,"column":4},"end":{"line":25,"column":14}}},"fnMap":{"0":{"name":"(anonymous_0)","decl":{"start":{"line":3,"column":23},"end":{"line":3,"column":24}},"loc":{"start":{"line":3,"column":49},"end":{"line":27,"column":1}},"line":3}},"branchMap":{"0":{"loc":{"start":{"line":5,"column":4},"end":{"line":7,"column":5}},"type":"if","locations":[{"start":{"line":5,"column":4},"end":{"line":7,"column":5}},{"start":{},"end":{}}],"line":5},"1":{"loc":{"start":{"line":9,"column":4},"end":{"line":11,"column":5}},"type":"if","locations":[{"start":{"line":9,"column":4},"end":{"line":11,"column":5}},{"start":{},"end":{}}],"line":9},"2":{"loc":{"start":{"line":14,"column":4},"end":{"line":17,"column":5}},"type":"if","locations":[{"start":{"line":14,"column":4},"end":{"line":17,"column":5}},{"start":{},"end":{}}],"line":14},"3":{"loc":{"start":{"line":19,"column":4},"end":{"line":21,"column":5}},"type":"if","locations":[{"start":{"line":19,"column":4},"end":{"line":21,"column":5}},{"start":{},"end":{}}],"line":19}},"s":{"0":6,"1":6,"2":6,"3":162,"4":162,"5":18,"6":144,"7":144,"8":3,"9":141,"10":141,"11":0,"12":141,"13":140,"14":0,"15":140,"16":140,"17":22},"f":{"0":162},"b":{"0":[18,144],"1":[3,141],"2":[0,141],"3":[0,140]},"_coverageSchema":"1a1c01bbd47fc00a2c39e90264f33305004495a9","hash":"d081e814f478df268e350fe30b028d8805b2052c"}
,"D:\\Hacktiv8\\Phase 2\\IP-HCK87-Harry\\server\\middlewares\\authorization.js": {"path":"D:\\Hacktiv8\\Phase 2\\IP-HCK87-Harry\\server\\middlewares\\authorization.js","statementMap":{"0":{"start":{"line":1,"column":0},"end":{"line":11,"column":2}},"1":{"start":{"line":2,"column":2},"end":{"line":10,"column":3}},"2":{"start":{"line":3,"column":4},"end":{"line":3,"column":31}},"3":{"start":{"line":4,"column":4},"end":{"line":6,"column":5}},"4":{"start":{"line":5,"column":6},"end":{"line":5,"column":93}},"5":{"start":{"line":7,"column":4},"end":{"line":7,"column":11}},"6":{"start":{"line":9,"column":4},"end":{"line":9,"column":14}},"7":{"start":{"line":12,"column":0},"end":{"line":22,"column":2}},"8":{"start":{"line":13,"column":2},"end":{"line":21,"column":3}},"9":{"start":{"line":14,"column":4},"end":{"line":18,"column":5}},"10":{"start":{"line":15,"column":6},"end":{"line":15,"column":13}},"11":{"start":{"line":17,"column":6},"end":{"line":17,"column":93}},"12":{"start":{"line":20,"column":4},"end":{"line":20,"column":14}}},"fnMap":{"0":{"name":"(anonymous_0)","decl":{"start":{"line":1,"column":21},"end":{"line":1,"column":22}},"loc":{"start":{"line":1,"column":41},"end":{"line":11,"column":1}},"line":1},"1":{"name":"(anonymous_1)","decl":{"start":{"line":12,"column":24},"end":{"line":12,"column":25}},"loc":{"start":{"line":12,"column":44},"end":{"line":22,"column":1}},"line":12}},"branchMap":{"0":{"loc":{"start":{"line":4,"column":4},"end":{"line":6,"column":5}},"type":"if","locations":[{"start":{"line":4,"column":4},"end":{"line":6,"column":5}},{"start":{},"end":{}}],"line":4},"1":{"loc":{"start":{"line":14,"column":4},"end":{"line":18,"column":5}},"type":"if","locations":[{"start":{"line":14,"column":4},"end":{"line":18,"column":5}},{"start":{"line":16,"column":11},"end":{"line":18,"column":5}}],"line":14},"2":{"loc":{"start":{"line":14,"column":8},"end":{"line":14,"column":71}},"type":"binary-expr","locations":[{"start":{"line":14,"column":8},"end":{"line":14,"column":37}},{"start":{"line":14,"column":41},"end":{"line":14,"column":71}}],"line":14}},"s":{"0":6,"1":37,"2":37,"3":37,"4":0,"5":37,"6":0,"7":6,"8":3,"9":3,"10":2,"11":1,"12":1},"f":{"0":37,"1":3},"b":{"0":[0,37],"1":[2,1],"2":[3,3]},"_coverageSchema":"1a1c01bbd47fc00a2c39e90264f33305004495a9","hash":"6597e1d284250de904d1294a876e50733a8ba64c"}
,"D:\\Hacktiv8\\Phase 2\\IP-HCK87-Harry\\server\\middlewares\\errorHandler.js": {"path":"D:\\Hacktiv8\\Phase 2\\IP-HCK87-Harry\\server\\middlewares\\errorHandler.js","statementMap":{"0":{"start":{"line":1,"column":21},"end":{"line":40,"column":1}},"1":{"start":{"line":2,"column":2},"end":{"line":2,"column":19}},"2":{"start":{"line":3,"column":2},"end":{"line":39,"column":3}},"3":{"start":{"line":5,"column":6},"end":{"line":5,"column":53}},"4":{"start":{"line":6,"column":6},"end":{"line":6,"column":13}},"5":{"start":{"line":8,"column":6},"end":{"line":8,"column":53}},"6":{"start":{"line":9,"column":6},"end":{"line":9,"column":13}},"7":{"start":{"line":11,"column":6},"end":{"line":11,"column":53}},"8":{"start":{"line":12,"column":6},"end":{"line":12,"column":13}},"9":{"start":{"line":16,"column":6},"end":{"line":16,"column":75}},"10":{"start":{"line":17,"column":6},"end":{"line":17,"column":13}},"11":{"start":{"line":19,"column":6},"end":{"line":19,"column":53}},"12":{"start":{"line":20,"column":6},"end":{"line":20,"column":13}},"13":{"start":{"line":23,"column":6},"end":{"line":27,"column":7}},"14":{"start":{"line":24,"column":8},"end":{"line":24,"column":91}},"15":{"start":{"line":26,"column":8},"end":{"line":26,"column":65}},"16":{"start":{"line":28,"column":6},"end":{"line":28,"column":13}},"17":{"start":{"line":30,"column":6},"end":{"line":30,"column":63}},"18":{"start":{"line":31,"column":6},"end":{"line":31,"column":13}},"19":{"start":{"line":33,"column":6},"end":{"line":33,"column":53}},"20":{"start":{"line":34,"column":6},"end":{"line":34,"column":13}},"21":{"start":{"line":37,"column":6},"end":{"line":37,"column":66}},"22":{"start":{"line":38,"column":6},"end":{"line":38,"column":13}},"23":{"start":{"line":42,"column":0},"end":{"line":42,"column":30}}},"fnMap":{"0":{"name":"(anonymous_0)","decl":{"start":{"line":1,"column":21},"end":{"line":1,"column":22}},"loc":{"start":{"line":1,"column":46},"end":{"line":40,"column":1}},"line":1}},"branchMap":{"0":{"loc":{"start":{"line":3,"column":2},"end":{"line":39,"column":3}},"type":"switch","locations":[{"start":{"line":4,"column":4},"end":{"line":6,"column":13}},{"start":{"line":7,"column":4},"end":{"line":9,"column":13}},{"start":{"line":10,"column":4},"end":{"line":12,"column":13}},{"start":{"line":13,"column":4},"end":{"line":13,"column":22}},{"start":{"line":14,"column":4},"end":{"line":14,"column":25}},{"start":{"line":15,"column":4},"end":{"line":17,"column":13}},{"start":{"line":18,"column":4},"end":{"line":20,"column":13}},{"start":{"line":21,"column":4},"end":{"line":28,"column":13}},{"start":{"line":29,"column":4},"end":{"line":31,"column":13}},{"start":{"line":32,"column":4},"end":{"line":34,"column":13}},{"start":{"line":36,"column":4},"end":{"line":38,"column":13}}],"line":3},"1":{"loc":{"start":{"line":16,"column":38},"end":{"line":16,"column":71}},"type":"binary-expr","locations":[{"start":{"line":16,"column":38},"end":{"line":16,"column":49}},{"start":{"line":16,"column":53},"end":{"line":16,"column":71}}],"line":16},"2":{"loc":{"start":{"line":23,"column":6},"end":{"line":27,"column":7}},"type":"if","locations":[{"start":{"line":23,"column":6},"end":{"line":27,"column":7}},{"start":{"line":25,"column":13},"end":{"line":27,"column":7}}],"line":23},"3":{"loc":{"start":{"line":23,"column":10},"end":{"line":23,"column":81}},"type":"binary-expr","locations":[{"start":{"line":23,"column":10},"end":{"line":23,"column":20}},{"start":{"line":23,"column":24},"end":{"line":23,"column":81}}],"line":23}},"s":{"0":6,"1":90,"2":90,"3":1,"4":1,"5":17,"6":17,"7":1,"8":1,"9":5,"10":5,"11":24,"12":24,"13":2,"14":0,"15":2,"16":2,"17":10,"18":10,"19":19,"20":19,"21":11,"22":11,"23":6},"f":{"0":90},"b":{"0":[1,17,1,2,4,5,24,2,10,19,11],"1":[5,1],"2":[0,2],"3":[2,2]},"_coverageSchema":"1a1c01bbd47fc00a2c39e90264f33305004495a9","hash":"cdb2b5aa26bf2e612bf5d3a8ad404c43fcec19a2"}
,"D:\\Hacktiv8\\Phase 2\\IP-HCK87-Harry\\server\\models\\course.js": {"path":"D:\\Hacktiv8\\Phase 2\\IP-HCK87-Harry\\server\\models\\course.js","statementMap":{"0":{"start":{"line":4,"column":4},"end":{"line":4,"column":24}},"1":{"start":{"line":5,"column":0},"end":{"line":27,"column":2}},"2":{"start":{"line":13,"column":6},"end":{"line":13,"column":70}},"3":{"start":{"line":14,"column":6},"end":{"line":14,"column":66}},"4":{"start":{"line":17,"column":2},"end":{"line":25,"column":5}},"5":{"start":{"line":26,"column":2},"end":{"line":26,"column":16}}},"fnMap":{"0":{"name":"(anonymous_0)","decl":{"start":{"line":5,"column":17},"end":{"line":5,"column":18}},"loc":{"start":{"line":5,"column":43},"end":{"line":27,"column":1}},"line":5},"1":{"name":"(anonymous_1)","decl":{"start":{"line":12,"column":4},"end":{"line":12,"column":5}},"loc":{"start":{"line":12,"column":29},"end":{"line":15,"column":5}},"line":12}},"branchMap":{},"s":{"0":6,"1":6,"2":6,"3":6,"4":6,"5":6},"f":{"0":6,"1":6},"b":{},"_coverageSchema":"1a1c01bbd47fc00a2c39e90264f33305004495a9","hash":"bd880a741b7d144e70a64e4a09f35a7ec96cae67"}
,"D:\\Hacktiv8\\Phase 2\\IP-HCK87-Harry\\server\\models\\index.js": {"path":"D:\\Hacktiv8\\Phase 2\\IP-HCK87-Harry\\server\\models\\index.js","statementMap":{"0":{"start":{"line":3,"column":11},"end":{"line":3,"column":24}},"1":{"start":{"line":4,"column":13},"end":{"line":4,"column":28}},"2":{"start":{"line":5,"column":18},"end":{"line":5,"column":38}},"3":{"start":{"line":6,"column":16},"end":{"line":6,"column":34}},"4":{"start":{"line":7,"column":17},"end":{"line":7,"column":42}},"5":{"start":{"line":8,"column":12},"end":{"line":8,"column":49}},"6":{"start":{"line":9,"column":15},"end":{"line":9,"column":65}},"7":{"start":{"line":10,"column":11},"end":{"line":10,"column":13}},"8":{"start":{"line":13,"column":0},"end":{"line":17,"column":1}},"9":{"start":{"line":14,"column":2},"end":{"line":14,"column":74}},"10":{"start":{"line":16,"column":2},"end":{"line":16,"column":87}},"11":{"start":{"line":19,"column":0},"end":{"line":32,"column":5}},"12":{"start":{"line":22,"column":4},"end":{"line":27,"column":6}},"13":{"start":{"line":30,"column":18},"end":{"line":30,"column":85}},"14":{"start":{"line":31,"column":4},"end":{"line":31,"column":27}},"15":{"start":{"line":34,"column":0},"end":{"line":38,"column":3}},"16":{"start":{"line":35,"column":2},"end":{"line":37,"column":3}},"17":{"start":{"line":36,"column":4},"end":{"line":36,"column":32}},"18":{"start":{"line":40,"column":0},"end":{"line":40,"column":25}},"19":{"start":{"line":41,"column":0},"end":{"line":41,"column":25}},"20":{"start":{"line":43,"column":0},"end":{"line":43,"column":20}}},"fnMap":{"0":{"name":"(anonymous_0)","decl":{"start":{"line":21,"column":10},"end":{"line":21,"column":11}},"loc":{"start":{"line":21,"column":18},"end":{"line":28,"column":3}},"line":21},"1":{"name":"(anonymous_1)","decl":{"start":{"line":29,"column":11},"end":{"line":29,"column":12}},"loc":{"start":{"line":29,"column":19},"end":{"line":32,"column":3}},"line":29},"2":{"name":"(anonymous_2)","decl":{"start":{"line":34,"column":24},"end":{"line":34,"column":25}},"loc":{"start":{"line":34,"column":37},"end":{"line":38,"column":1}},"line":34}},"branchMap":{"0":{"loc":{"start":{"line":8,"column":12},"end":{"line":8,"column":49}},"type":"binary-expr","locations":[{"start":{"line":8,"column":12},"end":{"line":8,"column":32}},{"start":{"line":8,"column":36},"end":{"line":8,"column":49}}],"line":8},"1":{"loc":{"start":{"line":13,"column":0},"end":{"line":17,"column":1}},"type":"if","locations":[{"start":{"line":13,"column":0},"end":{"line":17,"column":1}},{"start":{"line":15,"column":7},"end":{"line":17,"column":1}}],"line":13},"2":{"loc":{"start":{"line":23,"column":6},"end":{"line":26,"column":37}},"type":"binary-expr","locations":[{"start":{"line":23,"column":6},"end":{"line":23,"column":29}},{"start":{"line":24,"column":6},"end":{"line":24,"column":23}},{"start":{"line":25,"column":6},"end":{"line":25,"column":30}},{"start":{"line":26,"column":6},"end":{"line":26,"column":37}}],"line":23},"3":{"loc":{"start":{"line":35,"column":2},"end":{"line":37,"column":3}},"type":"if","locations":[{"start":{"line":35,"column":2},"end":{"line":37,"column":3}},{"start":{},"end":{}}],"line":35}},"s":{"0":6,"1":6,"2":6,"3":6,"4":6,"5":6,"6":6,"7":6,"8":6,"9":0,"10":6,"11":6,"12":48,"13":42,"14":42,"15":6,"16":42,"17":42,"18":6,"19":6,"20":6},"f":{"0":48,"1":42,"2":42},"b":{"0":[6,0],"1":[0,6],"2":[48,48,42,42],"3":[42,0]},"_coverageSchema":"1a1c01bbd47fc00a2c39e90264f33305004495a9","hash":"9033bef9a20c599d4795d8b78f95409a300ed635"}
,"D:\\Hacktiv8\\Phase 2\\IP-HCK87-Harry\\server\\models\\language.js": {"path":"D:\\Hacktiv8\\Phase 2\\IP-HCK87-Harry\\server\\models\\language.js","statementMap":{"0":{"start":{"line":4,"column":4},"end":{"line":4,"column":24}},"1":{"start":{"line":5,"column":0},"end":{"line":32,"column":2}},"2":{"start":{"line":13,"column":5},"end":{"line":13,"column":67}},"3":{"start":{"line":14,"column":6},"end":{"line":14,"column":74}},"4":{"start":{"line":17,"column":2},"end":{"line":30,"column":5}},"5":{"start":{"line":31,"column":2},"end":{"line":31,"column":18}}},"fnMap":{"0":{"name":"(anonymous_0)","decl":{"start":{"line":5,"column":17},"end":{"line":5,"column":18}},"loc":{"start":{"line":5,"column":43},"end":{"line":32,"column":1}},"line":5},"1":{"name":"(anonymous_1)","decl":{"start":{"line":12,"column":4},"end":{"line":12,"column":5}},"loc":{"start":{"line":12,"column":29},"end":{"line":15,"column":5}},"line":12}},"branchMap":{},"s":{"0":6,"1":6,"2":6,"3":6,"4":6,"5":6},"f":{"0":6,"1":6},"b":{},"_coverageSchema":"1a1c01bbd47fc00a2c39e90264f33305004495a9","hash":"63e1b5cb83d87f6ab40b4ee645a22b0edc861899"}
,"D:\\Hacktiv8\\Phase 2\\IP-HCK87-Harry\\server\\models\\profile.js": {"path":"D:\\Hacktiv8\\Phase 2\\IP-HCK87-Harry\\server\\models\\profile.js","statementMap":{"0":{"start":{"line":4,"column":4},"end":{"line":4,"column":24}},"1":{"start":{"line":5,"column":0},"end":{"line":26,"column":2}},"2":{"start":{"line":9,"column":6},"end":{"line":9,"column":63}},"3":{"start":{"line":13,"column":2},"end":{"line":24,"column":5}},"4":{"start":{"line":25,"column":2},"end":{"line":25,"column":17}}},"fnMap":{"0":{"name":"(anonymous_0)","decl":{"start":{"line":5,"column":17},"end":{"line":5,"column":18}},"loc":{"start":{"line":5,"column":43},"end":{"line":26,"column":1}},"line":5},"1":{"name":"(anonymous_1)","decl":{"start":{"line":8,"column":4},"end":{"line":8,"column":5}},"loc":{"start":{"line":8,"column":29},"end":{"line":11,"column":5}},"line":8}},"branchMap":{},"s":{"0":6,"1":6,"2":6,"3":6,"4":6},"f":{"0":6,"1":6},"b":{},"_coverageSchema":"1a1c01bbd47fc00a2c39e90264f33305004495a9","hash":"cc8d3619b80d125cf6db5cde644b8525393eb8e4"}
,"D:\\Hacktiv8\\Phase 2\\IP-HCK87-Harry\\server\\models\\question.js": {"path":"D:\\Hacktiv8\\Phase 2\\IP-HCK87-Harry\\server\\models\\question.js","statementMap":{"0":{"start":{"line":4,"column":4},"end":{"line":4,"column":24}},"1":{"start":{"line":5,"column":0},"end":{"line":30,"column":2}},"2":{"start":{"line":14,"column":6},"end":{"line":17,"column":9}},"3":{"start":{"line":20,"column":2},"end":{"line":28,"column":5}},"4":{"start":{"line":29,"column":2},"end":{"line":29,"column":18}}},"fnMap":{"0":{"name":"(anonymous_0)","decl":{"start":{"line":5,"column":17},"end":{"line":5,"column":18}},"loc":{"start":{"line":5,"column":43},"end":{"line":30,"column":1}},"line":5},"1":{"name":"(anonymous_1)","decl":{"start":{"line":12,"column":4},"end":{"line":12,"column":5}},"loc":{"start":{"line":12,"column":29},"end":{"line":18,"column":5}},"line":12}},"branchMap":{},"s":{"0":6,"1":6,"2":6,"3":6,"4":6},"f":{"0":6,"1":6},"b":{},"_coverageSchema":"1a1c01bbd47fc00a2c39e90264f33305004495a9","hash":"b2e6c84fc6a4379cd7ec666752287932d9503ae0"}
,"D:\\Hacktiv8\\Phase 2\\IP-HCK87-Harry\\server\\models\\transaction.js": {"path":"D:\\Hacktiv8\\Phase 2\\IP-HCK87-Harry\\server\\models\\transaction.js","statementMap":{"0":{"start":{"line":4,"column":4},"end":{"line":4,"column":24}},"1":{"start":{"line":5,"column":0},"end":{"line":35,"column":2}},"2":{"start":{"line":13,"column":6},"end":{"line":13,"column":67}},"3":{"start":{"line":17,"column":2},"end":{"line":33,"column":5}},"4":{"start":{"line":34,"column":2},"end":{"line":34,"column":21}}},"fnMap":{"0":{"name":"(anonymous_0)","decl":{"start":{"line":5,"column":17},"end":{"line":5,"column":18}},"loc":{"start":{"line":5,"column":43},"end":{"line":35,"column":1}},"line":5},"1":{"name":"(anonymous_1)","decl":{"start":{"line":12,"column":4},"end":{"line":12,"column":5}},"loc":{"start":{"line":12,"column":29},"end":{"line":15,"column":5}},"line":12}},"branchMap":{},"s":{"0":6,"1":6,"2":6,"3":6,"4":6},"f":{"0":6,"1":6},"b":{},"_coverageSchema":"1a1c01bbd47fc00a2c39e90264f33305004495a9","hash":"e6a7c46da3b5347f10c406c46b12314f58b457e5"}
,"D:\\Hacktiv8\\Phase 2\\IP-HCK87-Harry\\server\\models\\user.js": {"path":"D:\\Hacktiv8\\Phase 2\\IP-HCK87-Harry\\server\\models\\user.js","statementMap":{"0":{"start":{"line":2,"column":18},"end":{"line":2,"column":38}},"1":{"start":{"line":3,"column":25},"end":{"line":3,"column":53}},"2":{"start":{"line":4,"column":0},"end":{"line":60,"column":2}},"3":{"start":{"line":12,"column":6},"end":{"line":12,"column":60}},"4":{"start":{"line":13,"column":6},"end":{"line":13,"column":65}},"5":{"start":{"line":14,"column":6},"end":{"line":14,"column":66}},"6":{"start":{"line":18,"column":2},"end":{"line":53,"column":4}},"7":{"start":{"line":55,"column":2},"end":{"line":58,"column":5}},"8":{"start":{"line":56,"column":4},"end":{"line":56,"column":42}},"9":{"start":{"line":57,"column":4},"end":{"line":57,"column":48}},"10":{"start":{"line":59,"column":2},"end":{"line":59,"column":14}}},"fnMap":{"0":{"name":"(anonymous_0)","decl":{"start":{"line":4,"column":17},"end":{"line":4,"column":18}},"loc":{"start":{"line":4,"column":43},"end":{"line":60,"column":1}},"line":4},"1":{"name":"(anonymous_1)","decl":{"start":{"line":11,"column":4},"end":{"line":11,"column":5}},"loc":{"start":{"line":11,"column":29},"end":{"line":16,"column":5}},"line":11},"2":{"name":"(anonymous_2)","decl":{"start":{"line":55,"column":20},"end":{"line":55,"column":21}},"loc":{"start":{"line":55,"column":39},"end":{"line":58,"column":3}},"line":55}},"branchMap":{},"s":{"0":6,"1":6,"2":6,"3":6,"4":6,"5":6,"6":6,"7":6,"8":25,"9":25,"10":6},"f":{"0":6,"1":6,"2":25},"b":{},"_coverageSchema":"1a1c01bbd47fc00a2c39e90264f33305004495a9","hash":"43b7c9f9adf808fb1eed71817e9bae7b6b23510c"}
,"D:\\Hacktiv8\\Phase 2\\IP-HCK87-Harry\\server\\models\\userprogress.js": {"path":"D:\\Hacktiv8\\Phase 2\\IP-HCK87-Harry\\server\\models\\userprogress.js","statementMap":{"0":{"start":{"line":4,"column":4},"end":{"line":4,"column":24}},"1":{"start":{"line":5,"column":0},"end":{"line":30,"column":2}},"2":{"start":{"line":9,"column":6},"end":{"line":9,"column":68}},"3":{"start":{"line":10,"column":6},"end":{"line":10,"column":76}},"4":{"start":{"line":14,"column":2},"end":{"line":28,"column":5}},"5":{"start":{"line":29,"column":2},"end":{"line":29,"column":22}}},"fnMap":{"0":{"name":"(anonymous_0)","decl":{"start":{"line":5,"column":17},"end":{"line":5,"column":18}},"loc":{"start":{"line":5,"column":43},"end":{"line":30,"column":1}},"line":5},"1":{"name":"(anonymous_1)","decl":{"start":{"line":8,"column":4},"end":{"line":8,"column":5}},"loc":{"start":{"line":8,"column":29},"end":{"line":12,"column":5}},"line":8}},"branchMap":{},"s":{"0":6,"1":6,"2":6,"3":6,"4":6,"5":6},"f":{"0":6,"1":6},"b":{},"_coverageSchema":"1a1c01bbd47fc00a2c39e90264f33305004495a9","hash":"6ef835497c50536ed29184a6f4cfd30e5a87b772"}
,"D:\\Hacktiv8\\Phase 2\\IP-HCK87-Harry\\server\\routes\\index.js": {"path":"D:\\Hacktiv8\\Phase 2\\IP-HCK87-Harry\\server\\routes\\index.js","statementMap":{"0":{"start":{"line":1,"column":23},"end":{"line":1,"column":63}},"1":{"start":{"line":2,"column":25},"end":{"line":2,"column":67}},"2":{"start":{"line":3,"column":27},"end":{"line":3,"column":71}},"3":{"start":{"line":4,"column":27},"end":{"line":4,"column":71}},"4":{"start":{"line":5,"column":30},"end":{"line":5,"column":77}},"5":{"start":{"line":6,"column":23},"end":{"line":6,"column":63}},"6":{"start":{"line":7,"column":25},"end":{"line":7,"column":65}},"7":{"start":{"line":8,"column":38},"end":{"line":8,"column":77}},"8":{"start":{"line":9,"column":15},"end":{"line":9,"column":42}},"9":{"start":{"line":10,"column":15},"end":{"line":10,"column":32}},"10":{"start":{"line":11,"column":15},"end":{"line":11,"column":56}},"11":{"start":{"line":13,"column":0},"end":{"line":13,"column":43}},"12":{"start":{"line":14,"column":0},"end":{"line":14,"column":56}},"13":{"start":{"line":15,"column":0},"end":{"line":15,"column":49}},"14":{"start":{"line":18,"column":0},"end":{"line":18,"column":94}},"15":{"start":{"line":21,"column":0},"end":{"line":21,"column":24}},"16":{"start":{"line":24,"column":0},"end":{"line":24,"column":62}},"17":{"start":{"line":25,"column":0},"end":{"line":25,"column":65}},"18":{"start":{"line":26,"column":0},"end":{"line":26,"column":94}},"19":{"start":{"line":29,"column":0},"end":{"line":29,"column":68}},"20":{"start":{"line":30,"column":0},"end":{"line":30,"column":67}},"21":{"start":{"line":31,"column":0},"end":{"line":31,"column":76}},"22":{"start":{"line":32,"column":0},"end":{"line":32,"column":79}},"23":{"start":{"line":35,"column":0},"end":{"line":35,"column":60}},"24":{"start":{"line":36,"column":0},"end":{"line":36,"column":64}},"25":{"start":{"line":39,"column":0},"end":{"line":39,"column":69}},"26":{"start":{"line":40,"column":0},"end":{"line":40,"column":83}},"27":{"start":{"line":41,"column":0},"end":{"line":41,"column":58}},"28":{"start":{"line":42,"column":0},"end":{"line":42,"column":54}},"29":{"start":{"line":45,"column":0},"end":{"line":45,"column":60}},"30":{"start":{"line":46,"column":0},"end":{"line":46,"column":64}},"31":{"start":{"line":47,"column":0},"end":{"line":47,"column":61}},"32":{"start":{"line":50,"column":0},"end":{"line":50,"column":76}},"33":{"start":{"line":51,"column":0},"end":{"line":51,"column":88}},"34":{"start":{"line":54,"column":0},"end":{"line":54,"column":22}},"35":{"start":{"line":55,"column":0},"end":{"line":55,"column":48}},"36":{"start":{"line":56,"column":0},"end":{"line":56,"column":54}},"37":{"start":{"line":57,"column":0},"end":{"line":57,"column":60}},"38":{"start":{"line":58,"column":0},"end":{"line":58,"column":66}},"39":{"start":{"line":59,"column":0},"end":{"line":59,"column":57}},"40":{"start":{"line":60,"column":0},"end":{"line":60,"column":60}},"41":{"start":{"line":61,"column":0},"end":{"line":61,"column":64}},"42":{"start":{"line":62,"column":0},"end":{"line":62,"column":67}},"43":{"start":{"line":64,"column":0},"end":{"line":64,"column":23}}},"fnMap":{},"branchMap":{},"s":{"0":6,"1":6,"2":6,"3":6,"4":6,"5":6,"6":6,"7":6,"8":6,"9":6,"10":6,"11":6,"12":6,"13":6,"14":6,"15":6,"16":6,"17":6,"18":6,"19":6,"20":6,"21":6,"22":6,"23":6,"24":6,"25":6,"26":6,"27":6,"28":6,"29":6,"30":6,"31":6,"32":6,"33":6,"34":6,"35":6,"36":6,"37":6,"38":6,"39":6,"40":6,"41":6,"42":6,"43":6},"f":{},"b":{},"_coverageSchema":"1a1c01bbd47fc00a2c39e90264f33305004495a9","hash":"69a47f736b46b8ca68936fa1e1152bf461555d37"}
}
