TN:
SF:app.js
FNF:0
FNH:0
DA:1,8
DA:2,7
DA:4,8
DA:5,8
DA:6,8
DA:7,8
DA:8,7
DA:9,7
DA:12,7
DA:18,7
DA:19,7
DA:20,7
DA:22,7
DA:23,7
DA:26,7
LF:15
LH:15
BRDA:1,0,0,7
BRDA:1,0,1,1
BRF:2
BRH:2
end_of_record
TN:
SF:controllers\AuthController.js
FN:7,(anonymous_0)
FN:36,(anonymous_1)
FN:71,(anonymous_2)
FNF:3
FNH:3
FNDA:10,(anonymous_0)
FNDA:2,(anonymous_1)
FNDA:11,(anonymous_2)
DA:1,8
DA:2,7
DA:3,7
DA:4,7
DA:5,7
DA:8,10
DA:9,10
DA:10,10
DA:11,2
DA:13,8
DA:14,2
DA:16,6
DA:17,6
DA:18,5
DA:19,1
DA:21,4
DA:22,4
DA:23,1
DA:26,3
DA:27,3
DA:28,3
DA:29,3
DA:30,3
DA:32,7
DA:37,2
DA:38,2
DA:39,2
DA:40,1
DA:42,1
DA:43,1
DA:46,0
DA:52,0
DA:53,0
DA:61,0
DA:62,0
DA:63,0
DA:64,0
DA:65,0
DA:67,2
DA:72,11
DA:73,11
DA:74,11
DA:75,3
DA:77,8
DA:82,7
LF:45
LH:37
BRDA:10,0,0,2
BRDA:10,0,1,8
BRDA:13,1,0,2
BRDA:13,1,1,6
BRDA:18,2,0,1
BRDA:18,2,1,4
BRDA:22,3,0,1
BRDA:22,3,1,3
BRDA:39,4,0,1
BRDA:39,4,1,1
BRDA:42,5,0,1
BRDA:42,5,1,0
BRDA:65,6,0,0
BRDA:65,6,1,0
BRF:14
BRH:11
end_of_record
TN:
SF:controllers\CourseController.js
FN:5,(anonymous_0)
FN:15,(anonymous_1)
FN:39,(anonymous_2)
FN:52,(anonymous_3)
FN:114,(anonymous_4)
FN:132,(anonymous_5)
FNF:6
FNH:6
FNDA:2,(anonymous_0)
FNDA:7,(anonymous_1)
FNDA:3,(anonymous_2)
FNDA:2,(anonymous_3)
FNDA:2,(anonymous_4)
FNDA:2,(anonymous_5)
DA:1,7
DA:2,7
DA:3,7
DA:6,2
DA:7,2
DA:9,2
DA:11,0
DA:17,7
DA:18,7
DA:19,7
DA:20,1
DA:22,6
DA:30,6
DA:31,1
DA:33,5
DA:35,2
DA:40,3
DA:41,3
DA:42,3
DA:43,1
DA:45,2
DA:46,2
DA:48,1
DA:53,2
DA:55,2
DA:56,2
DA:85,0
DA:86,0
DA:88,0
DA:90,0
DA:91,0
DA:98,0
DA:99,0
DA:106,0
DA:110,0
DA:115,2
DA:116,2
DA:117,2
DA:118,2
DA:119,2
DA:120,1
DA:122,1
DA:123,1
DA:124,1
DA:125,1
DA:126,1
DA:128,1
DA:133,2
DA:134,2
DA:135,2
DA:136,2
DA:137,1
DA:139,1
DA:140,1
DA:142,1
DA:147,7
LF:56
LH:46
BRDA:19,0,0,1
BRDA:19,0,1,6
BRDA:30,1,0,1
BRDA:30,1,1,5
BRDA:42,2,0,1
BRDA:42,2,1,2
BRDA:119,3,0,1
BRDA:119,3,1,1
BRDA:136,4,0,1
BRDA:136,4,1,1
BRF:10
BRH:10
end_of_record
TN:
SF:controllers\LanguageController.js
FN:4,(anonymous_0)
FN:13,(anonymous_1)
FN:29,(anonymous_2)
FN:39,(anonymous_3)
FNF:4
FNH:4
FNDA:6,(anonymous_0)
FNDA:5,(anonymous_1)
FNDA:20,(anonymous_2)
FNDA:5,(anonymous_3)
DA:1,7
DA:5,6
DA:6,6
DA:7,5
DA:9,1
DA:14,5
DA:15,5
DA:16,5
DA:17,1
DA:19,4
DA:20,3
DA:21,1
DA:23,2
DA:25,3
DA:30,20
DA:31,20
DA:32,20
DA:33,14
DA:35,6
DA:40,5
DA:41,5
DA:42,5
DA:43,1
DA:45,4
DA:46,3
DA:47,1
DA:49,2
DA:50,2
DA:52,3
DA:57,7
LF:30
LH:30
BRDA:16,0,0,1
BRDA:16,0,1,4
BRDA:20,1,0,1
BRDA:20,1,1,2
BRDA:42,2,0,1
BRDA:42,2,1,4
BRDA:46,3,0,1
BRDA:46,3,1,2
BRF:8
BRH:8
end_of_record
TN:
SF:controllers\QuestionController.js
FN:3,(anonymous_0)
FN:11,(anonymous_1)
FN:26,(anonymous_2)
FN:44,(anonymous_3)
FN:61,(anonymous_4)
FNF:5
FNH:5
FNDA:9,(anonymous_0)
FNDA:8,(anonymous_1)
FNDA:13,(anonymous_2)
FNDA:2,(anonymous_3)
FNDA:2,(anonymous_4)
DA:1,7
DA:2,7
DA:4,9
DA:5,9
DA:6,8
DA:8,1
DA:12,8
DA:13,8
DA:14,8
DA:15,1
DA:17,7
DA:18,6
DA:19,1
DA:21,5
DA:23,3
DA:27,13
DA:28,13
DA:30,13
DA:31,1
DA:34,12
DA:35,12
DA:38,0
DA:39,0
DA:41,13
DA:45,2
DA:46,2
DA:47,2
DA:48,2
DA:49,2
DA:50,1
DA:52,1
DA:53,1
DA:54,1
DA:55,1
DA:56,1
DA:58,1
DA:62,2
DA:63,2
DA:64,2
DA:65,2
DA:66,1
DA:68,1
DA:69,1
DA:71,1
LF:44
LH:42
BRDA:14,0,0,1
BRDA:14,0,1,7
BRDA:18,1,0,1
BRDA:18,1,1,5
BRDA:30,2,0,1
BRDA:30,2,1,12
BRDA:34,3,0,12
BRDA:34,3,1,0
BRDA:34,4,0,12
BRDA:34,4,1,0
BRDA:34,4,2,0
BRDA:49,5,0,1
BRDA:49,5,1,1
BRDA:65,6,0,1
BRDA:65,6,1,1
BRF:15
BRH:12
end_of_record
TN:
SF:controllers\TransactionController.js
FN:10,(anonymous_0)
FN:43,(anonymous_1)
FN:93,(anonymous_2)
FNF:3
FNH:3
FNDA:3,(anonymous_0)
FNDA:27,(anonymous_1)
FNDA:20,(anonymous_2)
DA:1,7
DA:2,7
DA:3,7
DA:11,3
DA:12,3
DA:15,3
DA:16,1
DA:22,2
DA:23,1
DA:29,1
DA:31,1
DA:32,1
DA:34,1
DA:39,0
DA:44,27
DA:45,27
DA:48,27
DA:49,2
DA:54,25
DA:55,25
DA:56,1
DA:61,24
DA:68,24
DA:70,24
DA:85,24
DA:89,0
DA:94,20
DA:95,20
DA:97,20
DA:99,20
DA:100,20
DA:101,20
DA:103,20
DA:108,20
DA:109,20
DA:111,20
DA:115,0
DA:116,0
DA:118,0
DA:119,0
DA:123,0
DA:124,0
DA:125,0
DA:130,0
DA:134,0
DA:135,0
DA:136,0
DA:140,0
DA:144,0
DA:148,20
DA:220,7
LF:51
LH:36
BRDA:15,0,0,1
BRDA:15,0,1,2
BRDA:22,1,0,1
BRDA:22,1,1,1
BRDA:22,2,0,2
BRDA:22,2,1,1
BRDA:22,2,2,1
BRDA:48,3,0,2
BRDA:48,3,1,25
BRDA:48,4,0,27
BRDA:48,4,1,27
BRDA:55,5,0,1
BRDA:55,5,1,24
BRDA:108,6,0,20
BRDA:108,6,1,0
BRDA:109,7,0,20
BRDA:109,7,1,0
BRDA:118,8,0,0
BRDA:118,8,1,0
BRDA:125,9,0,0
BRDA:125,9,1,0
BRDA:126,10,0,0
BRDA:126,10,1,0
BRDA:126,10,2,0
BRDA:135,11,0,0
BRDA:135,11,1,0
BRF:26
BRH:15
end_of_record
TN:
SF:controllers\UserController.js
FN:6,(anonymous_0)
FN:17,(anonymous_1)
FN:52,(anonymous_2)
FN:93,(anonymous_3)
FN:130,(anonymous_4)
FN:149,(anonymous_5)
FN:171,(anonymous_6)
FN:195,(anonymous_7)
FN:209,(anonymous_8)
FNF:9
FNH:9
FNDA:2,(anonymous_0)
FNDA:3,(anonymous_1)
FNDA:5,(anonymous_2)
FNDA:5,(anonymous_3)
FNDA:3,(anonymous_4)
FNDA:3,(anonymous_5)
FNDA:3,(anonymous_6)
FNDA:2,(anonymous_7)
FNDA:3,(anonymous_8)
DA:1,7
DA:2,7
DA:3,7
DA:7,2
DA:8,2
DA:9,2
DA:11,0
DA:18,3
DA:19,3
DA:20,3
DA:21,3
DA:22,1
DA:25,2
DA:29,2
DA:31,1
DA:39,2
DA:46,2
DA:48,1
DA:53,5
DA:54,5
DA:55,5
DA:56,5
DA:57,1
DA:61,4
DA:63,4
DA:65,1
DA:66,1
DA:69,3
DA:77,4
DA:84,4
DA:89,1
DA:94,5
DA:95,5
DA:96,5
DA:97,5
DA:98,1
DA:101,4
DA:104,4
DA:111,4
DA:112,1
DA:116,3
DA:123,3
DA:124,3
DA:126,2
DA:131,3
DA:132,3
DA:133,3
DA:134,3
DA:135,1
DA:137,2
DA:143,2
DA:145,1
DA:150,3
DA:151,3
DA:152,3
DA:153,3
DA:154,1
DA:156,2
DA:165,2
DA:167,1
DA:172,3
DA:173,3
DA:174,3
DA:175,3
DA:176,1
DA:178,2
DA:184,2
DA:185,1
DA:187,1
DA:188,1
DA:189,1
DA:191,2
DA:196,2
DA:197,2
DA:198,2
DA:199,2
DA:200,1
DA:202,1
DA:203,1
DA:205,1
DA:210,3
DA:211,3
DA:212,1
DA:215,2
DA:217,2
DA:218,2
DA:219,1
DA:222,1
DA:223,1
DA:224,1
DA:227,0
DA:229,0
DA:231,0
DA:236,0
DA:238,0
DA:244,0
DA:252,0
DA:254,0
DA:255,0
DA:258,0
DA:263,3
DA:268,7
LF:102
LH:91
BRDA:21,0,0,1
BRDA:21,0,1,2
BRDA:29,1,0,1
BRDA:29,1,1,1
BRDA:33,2,0,1
BRDA:33,2,1,0
BRDA:56,3,0,1
BRDA:56,3,1,4
BRDA:63,4,0,1
BRDA:63,4,1,3
BRDA:72,5,0,3
BRDA:72,5,1,1
BRDA:72,5,2,0
BRDA:97,6,0,1
BRDA:97,6,1,4
BRDA:111,7,0,1
BRDA:111,7,1,3
BRDA:119,8,0,3
BRDA:119,8,1,1
BRDA:134,9,0,1
BRDA:134,9,1,2
BRDA:153,10,0,1
BRDA:153,10,1,2
BRDA:175,11,0,1
BRDA:175,11,1,2
BRDA:184,12,0,1
BRDA:184,12,1,1
BRDA:199,13,0,1
BRDA:199,13,1,1
BRDA:211,14,0,1
BRDA:211,14,1,2
BRDA:218,15,0,1
BRDA:218,15,1,1
BRDA:236,16,0,0
BRDA:236,16,1,0
BRDA:247,17,0,0
BRDA:247,17,1,0
BRF:37
BRH:31
end_of_record
TN:
SF:helpers\bcrypt.js
FN:3,(anonymous_0)
FN:7,(anonymous_1)
FNF:2
FNH:2
FNDA:25,(anonymous_0)
FNDA:4,(anonymous_1)
DA:1,7
DA:3,7
DA:4,25
DA:7,7
DA:8,4
DA:11,7
LF:6
LH:6
BRF:0
BRH:0
end_of_record
TN:
SF:helpers\jwt.js
FN:4,(anonymous_0)
FN:7,(anonymous_1)
FNF:2
FNH:2
FNDA:10,(anonymous_0)
FNDA:138,(anonymous_1)
DA:1,7
DA:2,7
DA:4,7
DA:5,10
DA:7,7
DA:8,138
DA:10,7
LF:7
LH:7
BRF:0
BRH:0
end_of_record
TN:
SF:middlewares\authentication.js
FN:3,(anonymous_0)
FNF:1
FNH:1
FNDA:159,(anonymous_0)
DA:1,7
DA:2,7
DA:3,7
DA:4,159
DA:5,159
DA:6,159
DA:7,18
DA:9,141
DA:10,141
DA:11,3
DA:14,138
DA:15,138
DA:16,0
DA:19,138
DA:20,137
DA:21,0
DA:23,137
DA:24,137
DA:26,22
LF:19
LH:17
BRDA:6,0,0,18
BRDA:6,0,1,141
BRDA:10,1,0,3
BRDA:10,1,1,138
BRDA:15,2,0,0
BRDA:15,2,1,138
BRDA:20,3,0,0
BRDA:20,3,1,137
BRF:8
BRH:6
end_of_record
TN:
SF:middlewares\authorization.js
FN:1,(anonymous_0)
FN:12,(anonymous_1)
FNF:2
FNH:2
FNDA:37,(anonymous_0)
FNDA:3,(anonymous_1)
DA:1,7
DA:2,37
DA:3,37
DA:4,37
DA:5,0
DA:7,37
DA:9,0
DA:12,7
DA:13,3
DA:14,3
DA:15,2
DA:17,1
DA:20,1
LF:13
LH:11
BRDA:4,0,0,0
BRDA:4,0,1,37
BRDA:14,1,0,2
BRDA:14,1,1,1
BRDA:14,2,0,3
BRDA:14,2,1,3
BRF:6
BRH:5
end_of_record
TN:
SF:middlewares\errorHandler.js
FN:1,(anonymous_0)
FNF:1
FNH:1
FNDA:89,(anonymous_0)
DA:1,7
DA:2,89
DA:3,89
DA:5,1
DA:6,1
DA:8,17
DA:9,17
DA:11,1
DA:12,1
DA:16,5
DA:17,5
DA:19,24
DA:20,24
DA:23,2
DA:24,0
DA:26,2
DA:28,2
DA:30,10
DA:31,10
DA:33,19
DA:34,19
DA:37,10
DA:38,10
DA:42,7
LF:24
LH:23
BRDA:3,0,0,1
BRDA:3,0,1,17
BRDA:3,0,2,1
BRDA:3,0,3,2
BRDA:3,0,4,4
BRDA:3,0,5,5
BRDA:3,0,6,24
BRDA:3,0,7,2
BRDA:3,0,8,10
BRDA:3,0,9,19
BRDA:3,0,10,10
BRDA:16,1,0,5
BRDA:16,1,1,1
BRDA:23,2,0,0
BRDA:23,2,1,2
BRDA:23,3,0,2
BRDA:23,3,1,2
BRF:17
BRH:16
end_of_record
TN:
SF:models\course.js
FN:5,(anonymous_0)
FN:12,(anonymous_1)
FNF:2
FNH:2
FNDA:7,(anonymous_0)
FNDA:7,(anonymous_1)
DA:4,7
DA:5,7
DA:13,7
DA:14,7
DA:17,7
DA:26,7
LF:6
LH:6
BRF:0
BRH:0
end_of_record
TN:
SF:models\index.js
FN:21,(anonymous_0)
FN:29,(anonymous_1)
FN:34,(anonymous_2)
FNF:3
FNH:3
FNDA:56,(anonymous_0)
FNDA:49,(anonymous_1)
FNDA:49,(anonymous_2)
DA:3,8
DA:4,8
DA:5,8
DA:6,8
DA:7,8
DA:8,8
DA:9,8
DA:10,8
DA:13,8
DA:14,1
DA:16,7
DA:19,7
DA:22,56
DA:30,49
DA:31,49
DA:34,7
DA:35,49
DA:36,49
DA:40,7
DA:41,7
DA:43,7
LF:21
LH:21
BRDA:8,0,0,8
BRDA:8,0,1,0
BRDA:13,1,0,1
BRDA:13,1,1,7
BRDA:23,2,0,56
BRDA:23,2,1,56
BRDA:23,2,2,49
BRDA:23,2,3,49
BRDA:35,3,0,49
BRDA:35,3,1,0
BRF:10
BRH:8
end_of_record
TN:
SF:models\language.js
FN:5,(anonymous_0)
FN:12,(anonymous_1)
FNF:2
FNH:2
FNDA:7,(anonymous_0)
FNDA:7,(anonymous_1)
DA:4,7
DA:5,7
DA:13,7
DA:14,7
DA:17,7
DA:31,7
LF:6
LH:6
BRF:0
BRH:0
end_of_record
TN:
SF:models\profile.js
FN:5,(anonymous_0)
FN:8,(anonymous_1)
FNF:2
FNH:2
FNDA:7,(anonymous_0)
FNDA:7,(anonymous_1)
DA:4,7
DA:5,7
DA:9,7
DA:13,7
DA:25,7
LF:5
LH:5
BRF:0
BRH:0
end_of_record
TN:
SF:models\question.js
FN:5,(anonymous_0)
FN:12,(anonymous_1)
FNF:2
FNH:2
FNDA:7,(anonymous_0)
FNDA:7,(anonymous_1)
DA:4,7
DA:5,7
DA:14,7
DA:20,7
DA:29,7
LF:5
LH:5
BRF:0
BRH:0
end_of_record
TN:
SF:models\transaction.js
FN:5,(anonymous_0)
FN:12,(anonymous_1)
FNF:2
FNH:2
FNDA:7,(anonymous_0)
FNDA:7,(anonymous_1)
DA:4,7
DA:5,7
DA:13,7
DA:17,7
DA:34,7
LF:5
LH:5
BRF:0
BRH:0
end_of_record
TN:
SF:models\user.js
FN:4,(anonymous_0)
FN:11,(anonymous_1)
FN:55,(anonymous_2)
FNF:3
FNH:3
FNDA:7,(anonymous_0)
FNDA:7,(anonymous_1)
FNDA:25,(anonymous_2)
DA:2,7
DA:3,7
DA:4,7
DA:12,7
DA:13,7
DA:14,7
DA:18,7
DA:55,7
DA:56,25
DA:57,25
DA:59,7
LF:11
LH:11
BRF:0
BRH:0
end_of_record
TN:
SF:models\userprogress.js
FN:5,(anonymous_0)
FN:8,(anonymous_1)
FNF:2
FNH:2
FNDA:7,(anonymous_0)
FNDA:7,(anonymous_1)
DA:4,7
DA:5,7
DA:9,7
DA:10,7
DA:14,7
DA:29,7
LF:6
LH:6
BRF:0
BRH:0
end_of_record
TN:
SF:routes\index.js
FNF:0
FNH:0
DA:1,8
DA:2,7
DA:3,7
DA:4,7
DA:5,7
DA:6,7
DA:7,7
DA:8,7
DA:9,7
DA:10,7
DA:11,7
DA:13,7
DA:14,7
DA:15,7
DA:18,7
DA:21,7
DA:22,7
DA:25,7
DA:28,7
DA:29,7
DA:30,7
DA:33,7
DA:34,7
DA:35,7
DA:36,7
DA:41,7
DA:42,7
DA:43,7
DA:44,7
DA:45,7
DA:48,7
DA:49,7
DA:50,7
DA:53,7
DA:54,7
DA:57,7
DA:58,7
DA:59,7
DA:60,7
DA:61,7
DA:62,7
DA:63,7
DA:64,7
DA:65,7
DA:67,7
LF:45
LH:45
BRF:0
BRH:0
end_of_record
