TN:
SF:app.js
FNF:0
FNH:0
DA:1,6
DA:2,6
DA:4,6
DA:5,6
DA:6,6
DA:7,6
DA:8,6
DA:9,6
DA:12,6
DA:18,6
DA:19,6
DA:20,6
DA:22,6
DA:23,6
DA:26,6
LF:15
LH:15
BRDA:1,0,0,6
BRDA:1,0,1,0
BRF:2
BRH:1
end_of_record
TN:
SF:controllers\AuthController.js
FN:7,(anonymous_0)
FN:36,(anonymous_1)
FN:71,(anonymous_2)
FNF:3
FNH:3
FNDA:10,(anonymous_0)
FNDA:2,(anonymous_1)
FNDA:11,(anonymous_2)
DA:1,6
DA:2,6
DA:3,6
DA:4,6
DA:5,6
DA:8,10
DA:9,10
DA:10,10
DA:11,2
DA:13,8
DA:14,2
DA:16,6
DA:17,6
DA:18,5
DA:19,1
DA:21,4
DA:22,4
DA:23,1
DA:26,3
DA:27,3
DA:28,3
DA:29,3
DA:30,3
DA:32,7
DA:37,2
DA:38,2
DA:39,2
DA:40,1
DA:42,1
DA:43,1
DA:46,0
DA:52,0
DA:53,0
DA:61,0
DA:62,0
DA:63,0
DA:64,0
DA:65,0
DA:67,2
DA:72,11
DA:73,11
DA:74,11
DA:75,3
DA:77,8
DA:82,6
LF:45
LH:37
BRDA:10,0,0,2
BRDA:10,0,1,8
BRDA:13,1,0,2
BRDA:13,1,1,6
BRDA:18,2,0,1
BRDA:18,2,1,4
BRDA:22,3,0,1
BRDA:22,3,1,3
BRDA:39,4,0,1
BRDA:39,4,1,1
BRDA:42,5,0,1
BRDA:42,5,1,0
BRDA:65,6,0,0
BRDA:65,6,1,0
BRF:14
BRH:11
end_of_record
TN:
SF:controllers\CourseController.js
FN:5,(anonymous_0)
FN:15,(anonymous_1)
FN:38,(anonymous_2)
FN:52,(anonymous_3)
FN:106,(anonymous_4)
FN:124,(anonymous_5)
FNF:6
FNH:6
FNDA:2,(anonymous_0)
FNDA:7,(anonymous_1)
FNDA:3,(anonymous_2)
FNDA:1,(anonymous_3)
FNDA:2,(anonymous_4)
FNDA:2,(anonymous_5)
DA:1,6
DA:2,6
DA:3,6
DA:6,2
DA:7,2
DA:9,2
DA:11,0
DA:16,7
DA:17,7
DA:18,7
DA:19,1
DA:21,6
DA:29,6
DA:30,1
DA:32,5
DA:34,2
DA:39,3
DA:40,3
DA:41,3
DA:42,1
DA:44,2
DA:45,2
DA:47,1
DA:53,1
DA:54,1
DA:55,1
DA:83,0
DA:84,0
DA:85,0
DA:92,0
DA:93,0
DA:100,0
DA:102,1
DA:107,2
DA:108,2
DA:109,2
DA:110,2
DA:111,2
DA:112,1
DA:114,1
DA:115,1
DA:116,1
DA:117,1
DA:118,1
DA:120,1
DA:125,2
DA:126,2
DA:127,2
DA:128,2
DA:129,1
DA:131,1
DA:132,1
DA:134,1
DA:139,6
LF:54
LH:47
BRDA:18,0,0,1
BRDA:18,0,1,6
BRDA:29,1,0,1
BRDA:29,1,1,5
BRDA:41,2,0,1
BRDA:41,2,1,2
BRDA:111,3,0,1
BRDA:111,3,1,1
BRDA:128,4,0,1
BRDA:128,4,1,1
BRF:10
BRH:10
end_of_record
TN:
SF:controllers\LanguageController.js
FN:4,(anonymous_0)
FN:13,(anonymous_1)
FN:29,(anonymous_2)
FN:39,(anonymous_3)
FNF:4
FNH:4
FNDA:6,(anonymous_0)
FNDA:5,(anonymous_1)
FNDA:20,(anonymous_2)
FNDA:5,(anonymous_3)
DA:1,6
DA:5,6
DA:6,6
DA:7,5
DA:9,1
DA:14,5
DA:15,5
DA:16,5
DA:17,1
DA:19,4
DA:20,3
DA:21,1
DA:23,2
DA:25,3
DA:30,20
DA:31,20
DA:32,20
DA:33,14
DA:35,6
DA:40,5
DA:41,5
DA:42,5
DA:43,1
DA:45,4
DA:46,3
DA:47,1
DA:49,2
DA:50,2
DA:52,3
DA:57,6
LF:30
LH:30
BRDA:16,0,0,1
BRDA:16,0,1,4
BRDA:20,1,0,1
BRDA:20,1,1,2
BRDA:42,2,0,1
BRDA:42,2,1,4
BRDA:46,3,0,1
BRDA:46,3,1,2
BRF:8
BRH:8
end_of_record
TN:
SF:controllers\QuestionController.js
FN:3,(anonymous_0)
FN:11,(anonymous_1)
FN:26,(anonymous_2)
FN:44,(anonymous_3)
FN:61,(anonymous_4)
FNF:5
FNH:5
FNDA:9,(anonymous_0)
FNDA:8,(anonymous_1)
FNDA:13,(anonymous_2)
FNDA:2,(anonymous_3)
FNDA:2,(anonymous_4)
DA:1,6
DA:2,6
DA:4,9
DA:5,9
DA:6,8
DA:8,1
DA:12,8
DA:13,8
DA:14,8
DA:15,1
DA:17,7
DA:18,6
DA:19,1
DA:21,5
DA:23,3
DA:27,13
DA:28,13
DA:30,13
DA:31,1
DA:34,12
DA:35,12
DA:38,0
DA:39,0
DA:41,13
DA:45,2
DA:46,2
DA:47,2
DA:48,2
DA:49,2
DA:50,1
DA:52,1
DA:53,1
DA:54,1
DA:55,1
DA:56,1
DA:58,1
DA:62,2
DA:63,2
DA:64,2
DA:65,2
DA:66,1
DA:68,1
DA:69,1
DA:71,1
LF:44
LH:42
BRDA:14,0,0,1
BRDA:14,0,1,7
BRDA:18,1,0,1
BRDA:18,1,1,5
BRDA:30,2,0,1
BRDA:30,2,1,12
BRDA:34,3,0,12
BRDA:34,3,1,0
BRDA:34,4,0,12
BRDA:34,4,1,0
BRDA:34,4,2,0
BRDA:49,5,0,1
BRDA:49,5,1,1
BRDA:65,6,0,1
BRDA:65,6,1,1
BRF:15
BRH:12
end_of_record
TN:
SF:controllers\TransactionController.js
FN:9,(anonymous_0)
FN:42,(anonymous_1)
FN:95,(anonymous_2)
FNF:3
FNH:3
FNDA:3,(anonymous_0)
FNDA:20,(anonymous_1)
FNDA:13,(anonymous_2)
DA:1,6
DA:2,6
DA:3,6
DA:10,3
DA:11,3
DA:14,3
DA:15,1
DA:21,2
DA:22,1
DA:28,1
DA:30,1
DA:31,1
DA:33,1
DA:38,0
DA:43,20
DA:44,20
DA:47,20
DA:48,2
DA:53,18
DA:54,18
DA:55,1
DA:60,17
DA:67,17
DA:69,17
DA:87,17
DA:91,0
DA:96,13
DA:97,13
DA:100,13
DA:101,1
DA:107,12
DA:108,1
DA:113,11
DA:118,11
DA:121,11
DA:122,11
DA:123,2
DA:130,9
DA:132,9
DA:135,9
DA:136,9
DA:137,9
DA:140,9
DA:141,7
DA:143,7
DA:145,4
DA:154,9
DA:156,0
DA:161,6
LF:49
LH:46
BRDA:14,0,0,1
BRDA:14,0,1,2
BRDA:21,1,0,1
BRDA:21,1,1,1
BRDA:21,2,0,2
BRDA:21,2,1,1
BRDA:21,2,2,1
BRDA:47,3,0,2
BRDA:47,3,1,18
BRDA:47,4,0,20
BRDA:47,4,1,20
BRDA:54,5,0,1
BRDA:54,5,1,17
BRDA:100,6,0,1
BRDA:100,6,1,12
BRDA:100,7,0,13
BRDA:100,7,1,13
BRDA:107,8,0,1
BRDA:107,8,1,11
BRDA:118,9,0,11
BRDA:118,9,1,0
BRDA:122,10,0,2
BRDA:122,10,1,9
BRDA:130,11,0,9
BRDA:130,11,1,0
BRDA:130,12,0,9
BRDA:130,12,1,1
BRDA:132,13,0,9
BRDA:132,13,1,0
BRDA:136,14,0,9
BRDA:136,14,1,0
BRDA:140,15,0,7
BRDA:140,15,1,2
BRDA:143,16,0,4
BRDA:143,16,1,3
BRF:35
BRH:31
end_of_record
TN:
SF:controllers\UserController.js
FN:6,(anonymous_0)
FN:17,(anonymous_1)
FN:52,(anonymous_2)
FN:93,(anonymous_3)
FN:130,(anonymous_4)
FN:149,(anonymous_5)
FN:171,(anonymous_6)
FN:195,(anonymous_7)
FN:209,(anonymous_8)
FNF:9
FNH:9
FNDA:2,(anonymous_0)
FNDA:3,(anonymous_1)
FNDA:5,(anonymous_2)
FNDA:5,(anonymous_3)
FNDA:3,(anonymous_4)
FNDA:3,(anonymous_5)
FNDA:3,(anonymous_6)
FNDA:2,(anonymous_7)
FNDA:3,(anonymous_8)
DA:1,6
DA:2,6
DA:3,6
DA:7,2
DA:8,2
DA:9,2
DA:11,0
DA:18,3
DA:19,3
DA:20,3
DA:21,3
DA:22,1
DA:25,2
DA:29,2
DA:31,1
DA:39,2
DA:46,2
DA:48,1
DA:53,5
DA:54,5
DA:55,5
DA:56,5
DA:57,1
DA:61,4
DA:63,4
DA:65,1
DA:66,1
DA:69,3
DA:77,4
DA:84,4
DA:89,1
DA:94,5
DA:95,5
DA:96,5
DA:97,5
DA:98,1
DA:101,4
DA:104,4
DA:111,4
DA:112,1
DA:116,3
DA:123,3
DA:124,3
DA:126,2
DA:131,3
DA:132,3
DA:133,3
DA:134,3
DA:135,1
DA:137,2
DA:143,2
DA:145,1
DA:150,3
DA:151,3
DA:152,3
DA:153,3
DA:154,1
DA:156,2
DA:165,2
DA:167,1
DA:172,3
DA:173,3
DA:174,3
DA:175,3
DA:176,1
DA:178,2
DA:184,2
DA:185,1
DA:187,1
DA:188,1
DA:189,1
DA:191,2
DA:196,2
DA:197,2
DA:198,2
DA:199,2
DA:200,1
DA:202,1
DA:203,1
DA:205,1
DA:210,3
DA:211,3
DA:212,1
DA:215,2
DA:217,2
DA:218,2
DA:219,1
DA:222,1
DA:223,1
DA:224,1
DA:227,0
DA:229,0
DA:231,0
DA:236,0
DA:238,0
DA:244,0
DA:252,0
DA:254,0
DA:255,0
DA:258,0
DA:263,3
DA:268,6
LF:102
LH:91
BRDA:21,0,0,1
BRDA:21,0,1,2
BRDA:29,1,0,1
BRDA:29,1,1,1
BRDA:33,2,0,1
BRDA:33,2,1,0
BRDA:56,3,0,1
BRDA:56,3,1,4
BRDA:63,4,0,1
BRDA:63,4,1,3
BRDA:72,5,0,3
BRDA:72,5,1,1
BRDA:72,5,2,0
BRDA:97,6,0,1
BRDA:97,6,1,4
BRDA:111,7,0,1
BRDA:111,7,1,3
BRDA:119,8,0,3
BRDA:119,8,1,1
BRDA:134,9,0,1
BRDA:134,9,1,2
BRDA:153,10,0,1
BRDA:153,10,1,2
BRDA:175,11,0,1
BRDA:175,11,1,2
BRDA:184,12,0,1
BRDA:184,12,1,1
BRDA:199,13,0,1
BRDA:199,13,1,1
BRDA:211,14,0,1
BRDA:211,14,1,2
BRDA:218,15,0,1
BRDA:218,15,1,1
BRDA:236,16,0,0
BRDA:236,16,1,0
BRDA:247,17,0,0
BRDA:247,17,1,0
BRF:37
BRH:31
end_of_record
TN:
SF:helpers\bcrypt.js
FN:3,(anonymous_0)
FN:7,(anonymous_1)
FNF:2
FNH:2
FNDA:25,(anonymous_0)
FNDA:4,(anonymous_1)
DA:1,6
DA:3,6
DA:4,25
DA:7,6
DA:8,4
DA:11,6
LF:6
LH:6
BRF:0
BRH:0
end_of_record
TN:
SF:helpers\jwt.js
FN:4,(anonymous_0)
FN:7,(anonymous_1)
FNF:2
FNH:2
FNDA:10,(anonymous_0)
FNDA:141,(anonymous_1)
DA:1,6
DA:2,6
DA:4,6
DA:5,10
DA:7,6
DA:8,141
DA:10,6
LF:7
LH:7
BRF:0
BRH:0
end_of_record
TN:
SF:middlewares\authentication.js
FN:3,(anonymous_0)
FNF:1
FNH:1
FNDA:162,(anonymous_0)
DA:1,6
DA:2,6
DA:3,6
DA:4,162
DA:5,162
DA:6,18
DA:8,144
DA:9,144
DA:10,3
DA:13,141
DA:14,141
DA:15,0
DA:18,141
DA:19,140
DA:20,0
DA:22,140
DA:23,140
DA:25,22
LF:18
LH:16
BRDA:5,0,0,18
BRDA:5,0,1,144
BRDA:9,1,0,3
BRDA:9,1,1,141
BRDA:14,2,0,0
BRDA:14,2,1,141
BRDA:19,3,0,0
BRDA:19,3,1,140
BRF:8
BRH:6
end_of_record
TN:
SF:middlewares\authorization.js
FN:1,(anonymous_0)
FN:12,(anonymous_1)
FNF:2
FNH:2
FNDA:37,(anonymous_0)
FNDA:3,(anonymous_1)
DA:1,6
DA:2,37
DA:3,37
DA:4,37
DA:5,0
DA:7,37
DA:9,0
DA:12,6
DA:13,3
DA:14,3
DA:15,2
DA:17,1
DA:20,1
LF:13
LH:11
BRDA:4,0,0,0
BRDA:4,0,1,37
BRDA:14,1,0,2
BRDA:14,1,1,1
BRDA:14,2,0,3
BRDA:14,2,1,3
BRF:6
BRH:5
end_of_record
TN:
SF:middlewares\errorHandler.js
FN:1,(anonymous_0)
FNF:1
FNH:1
FNDA:90,(anonymous_0)
DA:1,6
DA:2,90
DA:3,90
DA:5,1
DA:6,1
DA:8,17
DA:9,17
DA:11,1
DA:12,1
DA:16,5
DA:17,5
DA:19,24
DA:20,24
DA:23,2
DA:24,0
DA:26,2
DA:28,2
DA:30,10
DA:31,10
DA:33,19
DA:34,19
DA:37,11
DA:38,11
DA:42,6
LF:24
LH:23
BRDA:3,0,0,1
BRDA:3,0,1,17
BRDA:3,0,2,1
BRDA:3,0,3,2
BRDA:3,0,4,4
BRDA:3,0,5,5
BRDA:3,0,6,24
BRDA:3,0,7,2
BRDA:3,0,8,10
BRDA:3,0,9,19
BRDA:3,0,10,11
BRDA:16,1,0,5
BRDA:16,1,1,1
BRDA:23,2,0,0
BRDA:23,2,1,2
BRDA:23,3,0,2
BRDA:23,3,1,2
BRF:17
BRH:16
end_of_record
TN:
SF:models\course.js
FN:5,(anonymous_0)
FN:12,(anonymous_1)
FNF:2
FNH:2
FNDA:6,(anonymous_0)
FNDA:6,(anonymous_1)
DA:4,6
DA:5,6
DA:13,6
DA:14,6
DA:17,6
DA:26,6
LF:6
LH:6
BRF:0
BRH:0
end_of_record
TN:
SF:models\index.js
FN:21,(anonymous_0)
FN:29,(anonymous_1)
FN:34,(anonymous_2)
FNF:3
FNH:3
FNDA:48,(anonymous_0)
FNDA:42,(anonymous_1)
FNDA:42,(anonymous_2)
DA:3,6
DA:4,6
DA:5,6
DA:6,6
DA:7,6
DA:8,6
DA:9,6
DA:10,6
DA:13,6
DA:14,0
DA:16,6
DA:19,6
DA:22,48
DA:30,42
DA:31,42
DA:34,6
DA:35,42
DA:36,42
DA:40,6
DA:41,6
DA:43,6
LF:21
LH:20
BRDA:8,0,0,6
BRDA:8,0,1,0
BRDA:13,1,0,0
BRDA:13,1,1,6
BRDA:23,2,0,48
BRDA:23,2,1,48
BRDA:23,2,2,42
BRDA:23,2,3,42
BRDA:35,3,0,42
BRDA:35,3,1,0
BRF:10
BRH:7
end_of_record
TN:
SF:models\language.js
FN:5,(anonymous_0)
FN:12,(anonymous_1)
FNF:2
FNH:2
FNDA:6,(anonymous_0)
FNDA:6,(anonymous_1)
DA:4,6
DA:5,6
DA:13,6
DA:14,6
DA:17,6
DA:31,6
LF:6
LH:6
BRF:0
BRH:0
end_of_record
TN:
SF:models\profile.js
FN:5,(anonymous_0)
FN:8,(anonymous_1)
FNF:2
FNH:2
FNDA:6,(anonymous_0)
FNDA:6,(anonymous_1)
DA:4,6
DA:5,6
DA:9,6
DA:13,6
DA:25,6
LF:5
LH:5
BRF:0
BRH:0
end_of_record
TN:
SF:models\question.js
FN:5,(anonymous_0)
FN:12,(anonymous_1)
FNF:2
FNH:2
FNDA:6,(anonymous_0)
FNDA:6,(anonymous_1)
DA:4,6
DA:5,6
DA:14,6
DA:20,6
DA:29,6
LF:5
LH:5
BRF:0
BRH:0
end_of_record
TN:
SF:models\transaction.js
FN:5,(anonymous_0)
FN:12,(anonymous_1)
FNF:2
FNH:2
FNDA:6,(anonymous_0)
FNDA:6,(anonymous_1)
DA:4,6
DA:5,6
DA:13,6
DA:17,6
DA:34,6
LF:5
LH:5
BRF:0
BRH:0
end_of_record
TN:
SF:models\user.js
FN:4,(anonymous_0)
FN:11,(anonymous_1)
FN:55,(anonymous_2)
FNF:3
FNH:3
FNDA:6,(anonymous_0)
FNDA:6,(anonymous_1)
FNDA:25,(anonymous_2)
DA:2,6
DA:3,6
DA:4,6
DA:12,6
DA:13,6
DA:14,6
DA:18,6
DA:55,6
DA:56,25
DA:57,25
DA:59,6
LF:11
LH:11
BRF:0
BRH:0
end_of_record
TN:
SF:models\userprogress.js
FN:5,(anonymous_0)
FN:8,(anonymous_1)
FNF:2
FNH:2
FNDA:6,(anonymous_0)
FNDA:6,(anonymous_1)
DA:4,6
DA:5,6
DA:9,6
DA:10,6
DA:14,6
DA:29,6
LF:6
LH:6
BRF:0
BRH:0
end_of_record
TN:
SF:routes\index.js
FNF:0
FNH:0
DA:1,6
DA:2,6
DA:3,6
DA:4,6
DA:5,6
DA:6,6
DA:7,6
DA:8,6
DA:9,6
DA:10,6
DA:11,6
DA:13,6
DA:14,6
DA:15,6
DA:18,6
DA:21,6
DA:24,6
DA:25,6
DA:26,6
DA:29,6
DA:30,6
DA:31,6
DA:32,6
DA:35,6
DA:36,6
DA:39,6
DA:40,6
DA:41,6
DA:42,6
DA:45,6
DA:46,6
DA:47,6
DA:50,6
DA:51,6
DA:54,6
DA:55,6
DA:56,6
DA:57,6
DA:58,6
DA:59,6
DA:60,6
DA:61,6
DA:62,6
DA:64,6
LF:44
LH:44
BRF:0
BRH:0
end_of_record
